CRITICAL - 2024-02-18 11:52:54 --> Undefined array key "Id_up"
in APPPATH\Models\Book.php on line 104.
 1 APPPATH\Models\Book.php(104): CodeIgniter\Debug\Exceptions->errorHandler(2, 'Undefined array key "Id_up"', 'C:\\xampp3\\htdocs\\projectcdac\\app\\Models\\Book.php', 104)
 2 APPPATH\Controllers\Home.php(309): App\Models\Book->updatetrain([...])
 3 SYSTEMPATH\CodeIgniter.php(942): App\Controllers\Home->admindashboard()
 4 SYSTEMPATH\CodeIgniter.php(502): CodeIgniter\CodeIgniter->runController(Object(App\Controllers\Home))
 5 SYSTEMPATH\CodeIgniter.php(361): CodeIgniter\CodeIgniter->handleRequest(null, Object(Config\Cache), false)
 6 FCPATH\index.php(79): CodeIgniter\CodeIgniter->run()
 7 SYSTEMPATH\Commands\Server\rewrite.php(47): require_once('C:\\xampp3\\htdocs\\projectcdac\\public\\index.php')
CRITICAL - 2024-02-18 11:53:20 --> Undefined array key "Id_up"
in APPPATH\Models\Book.php on line 104.
 1 APPPATH\Models\Book.php(104): CodeIgniter\Debug\Exceptions->errorHandler(2, 'Undefined array key "Id_up"', 'C:\\xampp3\\htdocs\\projectcdac\\app\\Models\\Book.php', 104)
 2 APPPATH\Controllers\Home.php(309): App\Models\Book->updatetrain([...])
 3 SYSTEMPATH\CodeIgniter.php(942): App\Controllers\Home->admindashboard()
 4 SYSTEMPATH\CodeIgniter.php(502): CodeIgniter\CodeIgniter->runController(Object(App\Controllers\Home))
 5 SYSTEMPATH\CodeIgniter.php(361): CodeIgniter\CodeIgniter->handleRequest(null, Object(Config\Cache), false)
 6 FCPATH\index.php(79): CodeIgniter\CodeIgniter->run()
 7 SYSTEMPATH\Commands\Server\rewrite.php(47): require_once('C:\\xampp3\\htdocs\\projectcdac\\public\\index.php')
CRITICAL - 2024-02-18 12:26:09 --> Undefined array key "Id_up"
in APPPATH\Models\Book.php on line 104.
 1 APPPATH\Models\Book.php(104): CodeIgniter\Debug\Exceptions->errorHandler(2, 'Undefined array key "Id_up"', 'C:\\xampp3\\htdocs\\projectcdac\\app\\Models\\Book.php', 104)
 2 APPPATH\Controllers\Home.php(309): App\Models\Book->updatetrain([...])
 3 SYSTEMPATH\CodeIgniter.php(942): App\Controllers\Home->admindashboard()
 4 SYSTEMPATH\CodeIgniter.php(502): CodeIgniter\CodeIgniter->runController(Object(App\Controllers\Home))
 5 SYSTEMPATH\CodeIgniter.php(361): CodeIgniter\CodeIgniter->handleRequest(null, Object(Config\Cache), false)
 6 FCPATH\index.php(79): CodeIgniter\CodeIgniter->run()
 7 SYSTEMPATH\Commands\Server\rewrite.php(47): require_once('C:\\xampp3\\htdocs\\projectcdac\\public\\index.php')
CRITICAL - 2024-02-18 12:27:35 --> Undefined array key "name_up"
in APPPATH\Models\Book.php on line 105.
 1 APPPATH\Models\Book.php(105): CodeIgniter\Debug\Exceptions->errorHandler(2, 'Undefined array key "name_up"', 'C:\\xampp3\\htdocs\\projectcdac\\app\\Models\\Book.php', 105)
 2 APPPATH\Controllers\Home.php(309): App\Models\Book->updatetrain([...])
 3 SYSTEMPATH\CodeIgniter.php(942): App\Controllers\Home->admindashboard()
 4 SYSTEMPATH\CodeIgniter.php(502): CodeIgniter\CodeIgniter->runController(Object(App\Controllers\Home))
 5 SYSTEMPATH\CodeIgniter.php(361): CodeIgniter\CodeIgniter->handleRequest(null, Object(Config\Cache), false)
 6 FCPATH\index.php(79): CodeIgniter\CodeIgniter->run()
 7 SYSTEMPATH\Commands\Server\rewrite.php(47): require_once('C:\\xampp3\\htdocs\\projectcdac\\public\\index.php')
CRITICAL - 2024-02-18 12:29:07 --> Undefined array key "Id_up"
in APPPATH\Models\Book.php on line 112.
 1 APPPATH\Models\Book.php(112): CodeIgniter\Debug\Exceptions->errorHandler(2, 'Undefined array key "Id_up"', 'C:\\xampp3\\htdocs\\projectcdac\\app\\Models\\Book.php', 112)
 2 APPPATH\Controllers\Home.php(309): App\Models\Book->updatetrain([...])
 3 SYSTEMPATH\CodeIgniter.php(942): App\Controllers\Home->admindashboard()
 4 SYSTEMPATH\CodeIgniter.php(502): CodeIgniter\CodeIgniter->runController(Object(App\Controllers\Home))
 5 SYSTEMPATH\CodeIgniter.php(361): CodeIgniter\CodeIgniter->handleRequest(null, Object(Config\Cache), false)
 6 FCPATH\index.php(79): CodeIgniter\CodeIgniter->run()
 7 SYSTEMPATH\Commands\Server\rewrite.php(47): require_once('C:\\xampp3\\htdocs\\projectcdac\\public\\index.php')
CRITICAL - 2024-02-18 13:25:54 --> Undefined array key "Id_up"
in APPPATH\Controllers\Home.php on line 348.
 1 APPPATH\Controllers\Home.php(348): CodeIgniter\Debug\Exceptions->errorHandler(2, 'Undefined array key "Id_up"', 'C:\\xampp3\\htdocs\\projectcdac\\app\\Controllers\\Home.php', 348)
 2 SYSTEMPATH\CodeIgniter.php(942): App\Controllers\Home->modifyseat()
 3 SYSTEMPATH\CodeIgniter.php(502): CodeIgniter\CodeIgniter->runController(Object(App\Controllers\Home))
 4 SYSTEMPATH\CodeIgniter.php(361): CodeIgniter\CodeIgniter->handleRequest(null, Object(Config\Cache), false)
 5 FCPATH\index.php(79): CodeIgniter\CodeIgniter->run()
 6 SYSTEMPATH\Commands\Server\rewrite.php(47): require_once('C:\\xampp3\\htdocs\\projectcdac\\public\\index.php')
CRITICAL - 2024-02-18 13:26:53 --> Call to a member function table() on null
in APPPATH\Controllers\Home.php on line 355.
 1 SYSTEMPATH\CodeIgniter.php(942): App\Controllers\Home->modifyseat()
 2 SYSTEMPATH\CodeIgniter.php(502): CodeIgniter\CodeIgniter->runController(Object(App\Controllers\Home))
 3 SYSTEMPATH\CodeIgniter.php(361): CodeIgniter\CodeIgniter->handleRequest(null, Object(Config\Cache), false)
 4 FCPATH\index.php(79): CodeIgniter\CodeIgniter->run()
 5 SYSTEMPATH\Commands\Server\rewrite.php(47): require_once('C:\\xampp3\\htdocs\\projectcdac\\public\\index.php')
CRITICAL - 2024-02-18 13:27:21 --> Call to a member function table() on null
in APPPATH\Controllers\Home.php on line 355.
 1 SYSTEMPATH\CodeIgniter.php(942): App\Controllers\Home->modifyseat()
 2 SYSTEMPATH\CodeIgniter.php(502): CodeIgniter\CodeIgniter->runController(Object(App\Controllers\Home))
 3 SYSTEMPATH\CodeIgniter.php(361): CodeIgniter\CodeIgniter->handleRequest(null, Object(Config\Cache), false)
 4 FCPATH\index.php(79): CodeIgniter\CodeIgniter->run()
 5 SYSTEMPATH\Commands\Server\rewrite.php(47): require_once('C:\\xampp3\\htdocs\\projectcdac\\public\\index.php')
CRITICAL - 2024-02-18 13:27:39 --> Undefined variable $db
in APPPATH\Controllers\Home.php on line 355.
 1 APPPATH\Controllers\Home.php(355): CodeIgniter\Debug\Exceptions->errorHandler(2, 'Undefined variable $db', 'C:\\xampp3\\htdocs\\projectcdac\\app\\Controllers\\Home.php', 355)
 2 SYSTEMPATH\CodeIgniter.php(942): App\Controllers\Home->modifyseat()
 3 SYSTEMPATH\CodeIgniter.php(502): CodeIgniter\CodeIgniter->runController(Object(App\Controllers\Home))
 4 SYSTEMPATH\CodeIgniter.php(361): CodeIgniter\CodeIgniter->handleRequest(null, Object(Config\Cache), false)
 5 FCPATH\index.php(79): CodeIgniter\CodeIgniter->run()
 6 SYSTEMPATH\Commands\Server\rewrite.php(47): require_once('C:\\xampp3\\htdocs\\projectcdac\\public\\index.php')
CRITICAL - 2024-02-18 13:55:25 --> Undefined array key "train_id"
in APPPATH\Controllers\Home.php on line 378.
 1 APPPATH\Controllers\Home.php(378): CodeIgniter\Debug\Exceptions->errorHandler(2, 'Undefined array key "train_id"', 'C:\\xampp3\\htdocs\\projectcdac\\app\\Controllers\\Home.php', 378)
 2 SYSTEMPATH\CodeIgniter.php(942): App\Controllers\Home->modifyfare()
 3 SYSTEMPATH\CodeIgniter.php(502): CodeIgniter\CodeIgniter->runController(Object(App\Controllers\Home))
 4 SYSTEMPATH\CodeIgniter.php(361): CodeIgniter\CodeIgniter->handleRequest(null, Object(Config\Cache), false)
 5 FCPATH\index.php(79): CodeIgniter\CodeIgniter->run()
 6 SYSTEMPATH\Commands\Server\rewrite.php(47): require_once('C:\\xampp3\\htdocs\\projectcdac\\public\\index.php')
CRITICAL - 2024-02-18 13:57:11 --> Undefined array key "train_id"
in APPPATH\Controllers\Home.php on line 378.
 1 APPPATH\Controllers\Home.php(378): CodeIgniter\Debug\Exceptions->errorHandler(2, 'Undefined array key "train_id"', 'C:\\xampp3\\htdocs\\projectcdac\\app\\Controllers\\Home.php', 378)
 2 SYSTEMPATH\CodeIgniter.php(942): App\Controllers\Home->modifyfare()
 3 SYSTEMPATH\CodeIgniter.php(502): CodeIgniter\CodeIgniter->runController(Object(App\Controllers\Home))
 4 SYSTEMPATH\CodeIgniter.php(361): CodeIgniter\CodeIgniter->handleRequest(null, Object(Config\Cache), false)
 5 FCPATH\index.php(79): CodeIgniter\CodeIgniter->run()
 6 SYSTEMPATH\Commands\Server\rewrite.php(47): require_once('C:\\xampp3\\htdocs\\projectcdac\\public\\index.php')
CRITICAL - 2024-02-18 13:58:45 --> Undefined array key "train_id"
in APPPATH\Controllers\Home.php on line 378.
 1 APPPATH\Controllers\Home.php(378): CodeIgniter\Debug\Exceptions->errorHandler(2, 'Undefined array key "train_id"', 'C:\\xampp3\\htdocs\\projectcdac\\app\\Controllers\\Home.php', 378)
 2 SYSTEMPATH\CodeIgniter.php(942): App\Controllers\Home->modifyfare()
 3 SYSTEMPATH\CodeIgniter.php(502): CodeIgniter\CodeIgniter->runController(Object(App\Controllers\Home))
 4 SYSTEMPATH\CodeIgniter.php(361): CodeIgniter\CodeIgniter->handleRequest(null, Object(Config\Cache), false)
 5 FCPATH\index.php(79): CodeIgniter\CodeIgniter->run()
 6 SYSTEMPATH\Commands\Server\rewrite.php(47): require_once('C:\\xampp3\\htdocs\\projectcdac\\public\\index.php')
