CRITICAL - 2024-02-20 16:43:40 --> syntax error, unexpected token "for"
in APPPATH\Views\modifyfare.php on line 190.
 1 SYSTEMPATH\View\View.php(231): CodeIgniter\View\View->CodeIgniter\View\{closure}()
 2 SYSTEMPATH\Common.php(1190): CodeIgniter\View\View->render('modifyfare', [], true)
 3 APPPATH\Controllers\Home.php(406): view('modifyfare', [...])
 4 SYSTEMPATH\CodeIgniter.php(942): App\Controllers\Home->modifyfare()
 5 SYSTEMPATH\CodeIgniter.php(502): CodeIgniter\CodeIgniter->runController(Object(App\Controllers\Home))
 6 SYSTEMPATH\CodeIgniter.php(361): CodeIgniter\CodeIgniter->handleRequest(null, Object(Config\Cache), false)
 7 FCPATH\index.php(79): CodeIgniter\CodeIgniter->run()
 8 SYSTEMPATH\Commands\Server\rewrite.php(47): require_once('C:\\xampp3\\htdocs\\projectcdac\\public\\index.php')
CRITICAL - 2024-02-20 16:43:49 --> syntax error, unexpected token "for"
in APPPATH\Views\modifyfare.php on line 190.
 1 SYSTEMPATH\View\View.php(231): CodeIgniter\View\View->CodeIgniter\View\{closure}()
 2 SYSTEMPATH\Common.php(1190): CodeIgniter\View\View->render('modifyfare', [], true)
 3 APPPATH\Controllers\Home.php(406): view('modifyfare', [...])
 4 SYSTEMPATH\CodeIgniter.php(942): App\Controllers\Home->modifyfare()
 5 SYSTEMPATH\CodeIgniter.php(502): CodeIgniter\CodeIgniter->runController(Object(App\Controllers\Home))
 6 SYSTEMPATH\CodeIgniter.php(361): CodeIgniter\CodeIgniter->handleRequest(null, Object(Config\Cache), false)
 7 FCPATH\index.php(79): CodeIgniter\CodeIgniter->run()
 8 SYSTEMPATH\Commands\Server\rewrite.php(47): require_once('C:\\xampp3\\htdocs\\projectcdac\\public\\index.php')
CRITICAL - 2024-02-20 16:50:34 --> Undefined array key "login_id"
in APPPATH\Controllers\Home.php on line 201.
 1 APPPATH\Controllers\Home.php(201): CodeIgniter\Debug\Exceptions->errorHandler(2, 'Undefined array key "login_id"', 'C:\\xampp3\\htdocs\\projectcdac\\app\\Controllers\\Home.php', 201)
 2 SYSTEMPATH\CodeIgniter.php(942): App\Controllers\Home->ticket()
 3 SYSTEMPATH\CodeIgniter.php(502): CodeIgniter\CodeIgniter->runController(Object(App\Controllers\Home))
 4 SYSTEMPATH\CodeIgniter.php(361): CodeIgniter\CodeIgniter->handleRequest(null, Object(Config\Cache), false)
 5 FCPATH\index.php(79): CodeIgniter\CodeIgniter->run()
 6 SYSTEMPATH\Commands\Server\rewrite.php(47): require_once('C:\\xampp3\\htdocs\\projectcdac\\public\\index.php')
