CRITICAL - 2024-02-07 02:19:47 --> Undefined variable $db
in APPPATH\Controllers\Home.php on line 30.
 1 APPPATH\Controllers\Home.php(30): CodeIgniter\Debug\Exceptions->errorHandler(2, 'Undefined variable $db', 'C:\\xampp3\\htdocs\\projectcdac\\app\\Controllers\\Home.php', 30)
 2 SYSTEMPATH\CodeIgniter.php(942): App\Controllers\Home->dashboard()
 3 SYSTEMPATH\CodeIgniter.php(502): CodeIgniter\CodeIgniter->runController(Object(App\Controllers\Home))
 4 SYSTEMPATH\CodeIgniter.php(361): CodeIgniter\CodeIgniter->handleRequest(null, Object(Config\Cache), false)
 5 FCPATH\index.php(79): CodeIgniter\CodeIgniter->run()
 6 SYSTEMPATH\Commands\Server\rewrite.php(47): require_once('C:\\xampp3\\htdocs\\projectcdac\\public\\index.php')
CRITICAL - 2024-02-07 02:20:26 --> Undefined variable $db
in APPPATH\Controllers\Home.php on line 30.
 1 APPPATH\Controllers\Home.php(30): CodeIgniter\Debug\Exceptions->errorHandler(2, 'Undefined variable $db', 'C:\\xampp3\\htdocs\\projectcdac\\app\\Controllers\\Home.php', 30)
 2 SYSTEMPATH\CodeIgniter.php(942): App\Controllers\Home->dashboard()
 3 SYSTEMPATH\CodeIgniter.php(502): CodeIgniter\CodeIgniter->runController(Object(App\Controllers\Home))
 4 SYSTEMPATH\CodeIgniter.php(361): CodeIgniter\CodeIgniter->handleRequest(null, Object(Config\Cache), false)
 5 FCPATH\index.php(79): CodeIgniter\CodeIgniter->run()
 6 SYSTEMPATH\Commands\Server\rewrite.php(47): require_once('C:\\xampp3\\htdocs\\projectcdac\\public\\index.php')
CRITICAL - 2024-02-07 02:21:09 --> Undefined variable $db
in APPPATH\Controllers\Home.php on line 30.
 1 APPPATH\Controllers\Home.php(30): CodeIgniter\Debug\Exceptions->errorHandler(2, 'Undefined variable $db', 'C:\\xampp3\\htdocs\\projectcdac\\app\\Controllers\\Home.php', 30)
 2 SYSTEMPATH\CodeIgniter.php(942): App\Controllers\Home->dashboard()
 3 SYSTEMPATH\CodeIgniter.php(502): CodeIgniter\CodeIgniter->runController(Object(App\Controllers\Home))
 4 SYSTEMPATH\CodeIgniter.php(361): CodeIgniter\CodeIgniter->handleRequest(null, Object(Config\Cache), false)
 5 FCPATH\index.php(79): CodeIgniter\CodeIgniter->run()
 6 SYSTEMPATH\Commands\Server\rewrite.php(47): require_once('C:\\xampp3\\htdocs\\projectcdac\\public\\index.php')
CRITICAL - 2024-02-07 02:22:02 --> Undefined variable $db
in APPPATH\Controllers\Home.php on line 30.
 1 APPPATH\Controllers\Home.php(30): CodeIgniter\Debug\Exceptions->errorHandler(2, 'Undefined variable $db', 'C:\\xampp3\\htdocs\\projectcdac\\app\\Controllers\\Home.php', 30)
 2 SYSTEMPATH\CodeIgniter.php(942): App\Controllers\Home->dashboard()
 3 SYSTEMPATH\CodeIgniter.php(502): CodeIgniter\CodeIgniter->runController(Object(App\Controllers\Home))
 4 SYSTEMPATH\CodeIgniter.php(361): CodeIgniter\CodeIgniter->handleRequest(null, Object(Config\Cache), false)
 5 FCPATH\index.php(79): CodeIgniter\CodeIgniter->run()
 6 SYSTEMPATH\Commands\Server\rewrite.php(47): require_once('C:\\xampp3\\htdocs\\projectcdac\\public\\index.php')
CRITICAL - 2024-02-07 02:22:14 --> view(): Argument #2 ($data) must be of type array, int given, called in C:\xampp3\htdocs\projectcdac\app\Controllers\Home.php on line 34
in SYSTEMPATH\Common.php on line 1178.
 1 APPPATH\Controllers\Home.php(34): view('dashboard', 0)
 2 SYSTEMPATH\CodeIgniter.php(942): App\Controllers\Home->dashboard()
 3 SYSTEMPATH\CodeIgniter.php(502): CodeIgniter\CodeIgniter->runController(Object(App\Controllers\Home))
 4 SYSTEMPATH\CodeIgniter.php(361): CodeIgniter\CodeIgniter->handleRequest(null, Object(Config\Cache), false)
 5 FCPATH\index.php(79): CodeIgniter\CodeIgniter->run()
 6 SYSTEMPATH\Commands\Server\rewrite.php(47): require_once('C:\\xampp3\\htdocs\\projectcdac\\public\\index.php')
CRITICAL - 2024-02-07 02:22:43 --> Cannot use [] for reading
in APPPATH\Controllers\Home.php on line 34.
 1 SYSTEMPATH\CodeIgniter.php(942): App\Controllers\Home->dashboard()
 2 SYSTEMPATH\CodeIgniter.php(502): CodeIgniter\CodeIgniter->runController(Object(App\Controllers\Home))
 3 SYSTEMPATH\CodeIgniter.php(361): CodeIgniter\CodeIgniter->handleRequest(null, Object(Config\Cache), false)
 4 FCPATH\index.php(79): CodeIgniter\CodeIgniter->run()
 5 SYSTEMPATH\Commands\Server\rewrite.php(47): require_once('C:\\xampp3\\htdocs\\projectcdac\\public\\index.php')
CRITICAL - 2024-02-07 02:22:51 --> Undefined variable $row
in APPPATH\Views\dashboard.php on line 3.
 1 APPPATH\Views\dashboard.php(3): CodeIgniter\Debug\Exceptions->errorHandler(2, 'Undefined variable $row', 'C:\\xampp3\\htdocs\\projectcdac\\app\\Views\\dashboard.php', 3)
 2 SYSTEMPATH\View\View.php(228): include('C:\\xampp3\\htdocs\\projectcdac\\app\\Views\\dashboard.php')
 3 SYSTEMPATH\View\View.php(231): CodeIgniter\View\View->CodeIgniter\View\{closure}()
 4 SYSTEMPATH\Common.php(1190): CodeIgniter\View\View->render('dashboard', [], true)
 5 APPPATH\Controllers\Home.php(34): view('dashboard', [...])
 6 SYSTEMPATH\CodeIgniter.php(942): App\Controllers\Home->dashboard()
 7 SYSTEMPATH\CodeIgniter.php(502): CodeIgniter\CodeIgniter->runController(Object(App\Controllers\Home))
 8 SYSTEMPATH\CodeIgniter.php(361): CodeIgniter\CodeIgniter->handleRequest(null, Object(Config\Cache), false)
 9 FCPATH\index.php(79): CodeIgniter\CodeIgniter->run()
10 SYSTEMPATH\Commands\Server\rewrite.php(47): require_once('C:\\xampp3\\htdocs\\projectcdac\\public\\index.php')
CRITICAL - 2024-02-07 02:23:04 --> Undefined variable $data
in APPPATH\Views\dashboard.php on line 3.
 1 APPPATH\Views\dashboard.php(3): CodeIgniter\Debug\Exceptions->errorHandler(2, 'Undefined variable $data', 'C:\\xampp3\\htdocs\\projectcdac\\app\\Views\\dashboard.php', 3)
 2 SYSTEMPATH\View\View.php(228): include('C:\\xampp3\\htdocs\\projectcdac\\app\\Views\\dashboard.php')
 3 SYSTEMPATH\View\View.php(231): CodeIgniter\View\View->CodeIgniter\View\{closure}()
 4 SYSTEMPATH\Common.php(1190): CodeIgniter\View\View->render('dashboard', [], true)
 5 APPPATH\Controllers\Home.php(34): view('dashboard', [...])
 6 SYSTEMPATH\CodeIgniter.php(942): App\Controllers\Home->dashboard()
 7 SYSTEMPATH\CodeIgniter.php(502): CodeIgniter\CodeIgniter->runController(Object(App\Controllers\Home))
 8 SYSTEMPATH\CodeIgniter.php(361): CodeIgniter\CodeIgniter->handleRequest(null, Object(Config\Cache), false)
 9 FCPATH\index.php(79): CodeIgniter\CodeIgniter->run()
10 SYSTEMPATH\Commands\Server\rewrite.php(47): require_once('C:\\xampp3\\htdocs\\projectcdac\\public\\index.php')
CRITICAL - 2024-02-07 02:23:15 --> Cannot use [] for reading
in APPPATH\Views\dashboard.php on line 3.
 1 [internal function]: CodeIgniter\Debug\Exceptions->shutdownHandler()
CRITICAL - 2024-02-07 02:23:21 --> Undefined variable $data
in APPPATH\Views\dashboard.php on line 3.
 1 APPPATH\Views\dashboard.php(3): CodeIgniter\Debug\Exceptions->errorHandler(2, 'Undefined variable $data', 'C:\\xampp3\\htdocs\\projectcdac\\app\\Views\\dashboard.php', 3)
 2 SYSTEMPATH\View\View.php(228): include('C:\\xampp3\\htdocs\\projectcdac\\app\\Views\\dashboard.php')
 3 SYSTEMPATH\View\View.php(231): CodeIgniter\View\View->CodeIgniter\View\{closure}()
 4 SYSTEMPATH\Common.php(1190): CodeIgniter\View\View->render('dashboard', [], true)
 5 APPPATH\Controllers\Home.php(34): view('dashboard', [...])
 6 SYSTEMPATH\CodeIgniter.php(942): App\Controllers\Home->dashboard()
 7 SYSTEMPATH\CodeIgniter.php(502): CodeIgniter\CodeIgniter->runController(Object(App\Controllers\Home))
 8 SYSTEMPATH\CodeIgniter.php(361): CodeIgniter\CodeIgniter->handleRequest(null, Object(Config\Cache), false)
 9 FCPATH\index.php(79): CodeIgniter\CodeIgniter->run()
10 SYSTEMPATH\Commands\Server\rewrite.php(47): require_once('C:\\xampp3\\htdocs\\projectcdac\\public\\index.php')
CRITICAL - 2024-02-07 04:27:23 --> Call to undefined method CodeIgniter\Database\MySQLi\Result::result()
in APPPATH\Controllers\Home.php on line 30.
 1 SYSTEMPATH\CodeIgniter.php(942): App\Controllers\Home->dashboard()
 2 SYSTEMPATH\CodeIgniter.php(502): CodeIgniter\CodeIgniter->runController(Object(App\Controllers\Home))
 3 SYSTEMPATH\CodeIgniter.php(361): CodeIgniter\CodeIgniter->handleRequest(null, Object(Config\Cache), false)
 4 FCPATH\index.php(79): CodeIgniter\CodeIgniter->run()
 5 SYSTEMPATH\Commands\Server\rewrite.php(47): require_once('C:\\xampp3\\htdocs\\projectcdac\\public\\index.php')
CRITICAL - 2024-02-07 04:28:12 --> Call to undefined method CodeIgniter\Database\MySQLi\Result::result()
in APPPATH\Controllers\Home.php on line 32.
 1 SYSTEMPATH\CodeIgniter.php(942): App\Controllers\Home->dashboard()
 2 SYSTEMPATH\CodeIgniter.php(502): CodeIgniter\CodeIgniter->runController(Object(App\Controllers\Home))
 3 SYSTEMPATH\CodeIgniter.php(361): CodeIgniter\CodeIgniter->handleRequest(null, Object(Config\Cache), false)
 4 FCPATH\index.php(79): CodeIgniter\CodeIgniter->run()
 5 SYSTEMPATH\Commands\Server\rewrite.php(47): require_once('C:\\xampp3\\htdocs\\projectcdac\\public\\index.php')
CRITICAL - 2024-02-07 04:30:47 --> Undefined property: stdClass::$title
in APPPATH\Controllers\Home.php on line 36.
 1 APPPATH\Controllers\Home.php(36): CodeIgniter\Debug\Exceptions->errorHandler(2, 'Undefined property: stdClass::$title', 'C:\\xampp3\\htdocs\\projectcdac\\app\\Controllers\\Home.php', 36)
 2 SYSTEMPATH\CodeIgniter.php(942): App\Controllers\Home->dashboard()
 3 SYSTEMPATH\CodeIgniter.php(502): CodeIgniter\CodeIgniter->runController(Object(App\Controllers\Home))
 4 SYSTEMPATH\CodeIgniter.php(361): CodeIgniter\CodeIgniter->handleRequest(null, Object(Config\Cache), false)
 5 FCPATH\index.php(79): CodeIgniter\CodeIgniter->run()
 6 SYSTEMPATH\Commands\Server\rewrite.php(47): require_once('C:\\xampp3\\htdocs\\projectcdac\\public\\index.php')
CRITICAL - 2024-02-07 04:32:13 --> Undefined property: mysqli::$name
in APPPATH\Views\dashboard.php on line 3.
 1 APPPATH\Views\dashboard.php(3): CodeIgniter\Debug\Exceptions->errorHandler(2, 'Undefined property: mysqli::$name', 'C:\\xampp3\\htdocs\\projectcdac\\app\\Views\\dashboard.php', 3)
 2 SYSTEMPATH\View\View.php(228): include('C:\\xampp3\\htdocs\\projectcdac\\app\\Views\\dashboard.php')
 3 SYSTEMPATH\View\View.php(231): CodeIgniter\View\View->CodeIgniter\View\{closure}()
 4 SYSTEMPATH\Common.php(1190): CodeIgniter\View\View->render('dashboard', [], true)
 5 APPPATH\Controllers\Home.php(37): view('dashboard', [...])
 6 SYSTEMPATH\CodeIgniter.php(942): App\Controllers\Home->dashboard()
 7 SYSTEMPATH\CodeIgniter.php(502): CodeIgniter\CodeIgniter->runController(Object(App\Controllers\Home))
 8 SYSTEMPATH\CodeIgniter.php(361): CodeIgniter\CodeIgniter->handleRequest(null, Object(Config\Cache), false)
 9 FCPATH\index.php(79): CodeIgniter\CodeIgniter->run()
10 SYSTEMPATH\Commands\Server\rewrite.php(47): require_once('C:\\xampp3\\htdocs\\projectcdac\\public\\index.php')
CRITICAL - 2024-02-07 04:32:26 --> Undefined property: mysqli::$name
in APPPATH\Views\dashboard.php on line 3.
 1 APPPATH\Views\dashboard.php(3): CodeIgniter\Debug\Exceptions->errorHandler(2, 'Undefined property: mysqli::$name', 'C:\\xampp3\\htdocs\\projectcdac\\app\\Views\\dashboard.php', 3)
 2 SYSTEMPATH\View\View.php(228): include('C:\\xampp3\\htdocs\\projectcdac\\app\\Views\\dashboard.php')
 3 SYSTEMPATH\View\View.php(231): CodeIgniter\View\View->CodeIgniter\View\{closure}()
 4 SYSTEMPATH\Common.php(1190): CodeIgniter\View\View->render('dashboard', [], true)
 5 APPPATH\Controllers\Home.php(37): view('dashboard', [...])
 6 SYSTEMPATH\CodeIgniter.php(942): App\Controllers\Home->dashboard()
 7 SYSTEMPATH\CodeIgniter.php(502): CodeIgniter\CodeIgniter->runController(Object(App\Controllers\Home))
 8 SYSTEMPATH\CodeIgniter.php(361): CodeIgniter\CodeIgniter->handleRequest(null, Object(Config\Cache), false)
 9 FCPATH\index.php(79): CodeIgniter\CodeIgniter->run()
10 SYSTEMPATH\Commands\Server\rewrite.php(47): require_once('C:\\xampp3\\htdocs\\projectcdac\\public\\index.php')
CRITICAL - 2024-02-07 04:36:55 --> Undefined property: stdClass::$id
in APPPATH\Views\dashboard.php on line 164.
 1 APPPATH\Views\dashboard.php(164): CodeIgniter\Debug\Exceptions->errorHandler(2, 'Undefined property: stdClass::$id', 'C:\\xampp3\\htdocs\\projectcdac\\app\\Views\\dashboard.php', 164)
 2 SYSTEMPATH\View\View.php(228): include('C:\\xampp3\\htdocs\\projectcdac\\app\\Views\\dashboard.php')
 3 SYSTEMPATH\View\View.php(231): CodeIgniter\View\View->CodeIgniter\View\{closure}()
 4 SYSTEMPATH\Common.php(1190): CodeIgniter\View\View->render('dashboard', [], true)
 5 APPPATH\Controllers\Home.php(37): view('dashboard', [...])
 6 SYSTEMPATH\CodeIgniter.php(942): App\Controllers\Home->dashboard()
 7 SYSTEMPATH\CodeIgniter.php(502): CodeIgniter\CodeIgniter->runController(Object(App\Controllers\Home))
 8 SYSTEMPATH\CodeIgniter.php(361): CodeIgniter\CodeIgniter->handleRequest(null, Object(Config\Cache), false)
 9 FCPATH\index.php(79): CodeIgniter\CodeIgniter->run()
10 SYSTEMPATH\Commands\Server\rewrite.php(47): require_once('C:\\xampp3\\htdocs\\projectcdac\\public\\index.php')
CRITICAL - 2024-02-07 04:37:18 --> Unsupported operand types: string + string
in APPPATH\Views\dashboard.php on line 166.
 1 SYSTEMPATH\View\View.php(228): include()
 2 SYSTEMPATH\View\View.php(231): CodeIgniter\View\View->CodeIgniter\View\{closure}()
 3 SYSTEMPATH\Common.php(1190): CodeIgniter\View\View->render('dashboard', [], true)
 4 APPPATH\Controllers\Home.php(37): view('dashboard', [...])
 5 SYSTEMPATH\CodeIgniter.php(942): App\Controllers\Home->dashboard()
 6 SYSTEMPATH\CodeIgniter.php(502): CodeIgniter\CodeIgniter->runController(Object(App\Controllers\Home))
 7 SYSTEMPATH\CodeIgniter.php(361): CodeIgniter\CodeIgniter->handleRequest(null, Object(Config\Cache), false)
 8 FCPATH\index.php(79): CodeIgniter\CodeIgniter->run()
 9 SYSTEMPATH\Commands\Server\rewrite.php(47): require_once('C:\\xampp3\\htdocs\\projectcdac\\public\\index.php')
CRITICAL - 2024-02-07 04:50:17 --> syntax error, unexpected token "}"
in APPPATH\Views\dashboard.php on line 6.
 1 SYSTEMPATH\View\View.php(231): CodeIgniter\View\View->CodeIgniter\View\{closure}()
 2 SYSTEMPATH\Common.php(1190): CodeIgniter\View\View->render('dashboard', [], true)
 3 APPPATH\Controllers\Home.php(47): view('dashboard', [...])
 4 SYSTEMPATH\CodeIgniter.php(942): App\Controllers\Home->dashboard()
 5 SYSTEMPATH\CodeIgniter.php(502): CodeIgniter\CodeIgniter->runController(Object(App\Controllers\Home))
 6 SYSTEMPATH\CodeIgniter.php(361): CodeIgniter\CodeIgniter->handleRequest(null, Object(Config\Cache), false)
 7 FCPATH\index.php(79): CodeIgniter\CodeIgniter->run()
 8 SYSTEMPATH\Commands\Server\rewrite.php(47): require_once('C:\\xampp3\\htdocs\\projectcdac\\public\\index.php')
CRITICAL - 2024-02-07 04:50:48 --> Call to undefined function http_redirect()
in APPPATH\Views\dashboard.php on line 4.
 1 SYSTEMPATH\View\View.php(228): include()
 2 SYSTEMPATH\View\View.php(231): CodeIgniter\View\View->CodeIgniter\View\{closure}()
 3 SYSTEMPATH\Common.php(1190): CodeIgniter\View\View->render('dashboard', [], true)
 4 APPPATH\Controllers\Home.php(47): view('dashboard', [...])
 5 SYSTEMPATH\CodeIgniter.php(942): App\Controllers\Home->dashboard()
 6 SYSTEMPATH\CodeIgniter.php(502): CodeIgniter\CodeIgniter->runController(Object(App\Controllers\Home))
 7 SYSTEMPATH\CodeIgniter.php(361): CodeIgniter\CodeIgniter->handleRequest(null, Object(Config\Cache), false)
 8 FCPATH\index.php(79): CodeIgniter\CodeIgniter->run()
 9 SYSTEMPATH\Commands\Server\rewrite.php(47): require_once('C:\\xampp3\\htdocs\\projectcdac\\public\\index.php')
CRITICAL - 2024-02-07 04:52:34 --> syntax error, unexpected token "}", expecting ";"
in APPPATH\Controllers\Home.php on line 44.
 1 SYSTEMPATH\Autoloader\Autoloader.php(291): CodeIgniter\Autoloader\Autoloader->includeFile('C:\\xampp3\\htdocs\\projectcdac\\app\\Controllers\\Home.php')
 2 SYSTEMPATH\Autoloader\Autoloader.php(269): CodeIgniter\Autoloader\Autoloader->loadInNamespace('App\\Controllers\\Home')
 3 [internal function]: CodeIgniter\Autoloader\Autoloader->loadClass('App\\Controllers\\Home')
 4 SYSTEMPATH\CodeIgniter.php(900): class_exists('\\App\\Controllers\\Home', true)
 5 SYSTEMPATH\CodeIgniter.php(489): CodeIgniter\CodeIgniter->startController()
 6 SYSTEMPATH\CodeIgniter.php(361): CodeIgniter\CodeIgniter->handleRequest(null, Object(Config\Cache), false)
 7 FCPATH\index.php(79): CodeIgniter\CodeIgniter->run()
 8 SYSTEMPATH\Commands\Server\rewrite.php(47): require_once('C:\\xampp3\\htdocs\\projectcdac\\public\\index.php')
CRITICAL - 2024-02-07 04:52:57 --> syntax error, unexpected token "(", expecting identifier or variable or "{" or "$"
in APPPATH\Controllers\Home.php on line 43.
 1 SYSTEMPATH\Autoloader\Autoloader.php(291): CodeIgniter\Autoloader\Autoloader->includeFile('C:\\xampp3\\htdocs\\projectcdac\\app\\Controllers\\Home.php')
 2 SYSTEMPATH\Autoloader\Autoloader.php(269): CodeIgniter\Autoloader\Autoloader->loadInNamespace('App\\Controllers\\Home')
 3 [internal function]: CodeIgniter\Autoloader\Autoloader->loadClass('App\\Controllers\\Home')
 4 SYSTEMPATH\CodeIgniter.php(900): class_exists('\\App\\Controllers\\Home', true)
 5 SYSTEMPATH\CodeIgniter.php(489): CodeIgniter\CodeIgniter->startController()
 6 SYSTEMPATH\CodeIgniter.php(361): CodeIgniter\CodeIgniter->handleRequest(null, Object(Config\Cache), false)
 7 FCPATH\index.php(79): CodeIgniter\CodeIgniter->run()
 8 SYSTEMPATH\Commands\Server\rewrite.php(47): require_once('C:\\xampp3\\htdocs\\projectcdac\\public\\index.php')
CRITICAL - 2024-02-07 04:59:48 --> App\Controllers\Home::registration(): Return value must be of type string, CodeIgniter\HTTP\RedirectResponse returned
in APPPATH\Controllers\Home.php on line 105.
 1 SYSTEMPATH\CodeIgniter.php(942): App\Controllers\Home->registration()
 2 SYSTEMPATH\CodeIgniter.php(502): CodeIgniter\CodeIgniter->runController(Object(App\Controllers\Home))
 3 SYSTEMPATH\CodeIgniter.php(361): CodeIgniter\CodeIgniter->handleRequest(null, Object(Config\Cache), false)
 4 FCPATH\index.php(79): CodeIgniter\CodeIgniter->run()
 5 SYSTEMPATH\Commands\Server\rewrite.php(47): require_once('C:\\xampp3\\htdocs\\projectcdac\\public\\index.php')
CRITICAL - 2024-02-07 06:01:35 --> Undefined variable $add
in APPPATH\Views\booktrain.php on line 3.
 1 APPPATH\Views\booktrain.php(3): CodeIgniter\Debug\Exceptions->errorHandler(2, 'Undefined variable $add', 'C:\\xampp3\\htdocs\\projectcdac\\app\\Views\\booktrain.php', 3)
 2 SYSTEMPATH\View\View.php(228): include('C:\\xampp3\\htdocs\\projectcdac\\app\\Views\\booktrain.php')
 3 SYSTEMPATH\View\View.php(231): CodeIgniter\View\View->CodeIgniter\View\{closure}()
 4 SYSTEMPATH\Common.php(1190): CodeIgniter\View\View->render('booktrain', [], true)
 5 APPPATH\Controllers\Home.php(136): view('booktrain', [...])
 6 SYSTEMPATH\CodeIgniter.php(942): App\Controllers\Home->booktrain()
 7 SYSTEMPATH\CodeIgniter.php(502): CodeIgniter\CodeIgniter->runController(Object(App\Controllers\Home))
 8 SYSTEMPATH\CodeIgniter.php(361): CodeIgniter\CodeIgniter->handleRequest(null, Object(Config\Cache), false)
 9 FCPATH\index.php(79): CodeIgniter\CodeIgniter->run()
10 SYSTEMPATH\Commands\Server\rewrite.php(47): require_once('C:\\xampp3\\htdocs\\projectcdac\\public\\index.php')
CRITICAL - 2024-02-07 06:02:36 --> Undefined variable $add
in APPPATH\Views\booktrain.php on line 3.
 1 APPPATH\Views\booktrain.php(3): CodeIgniter\Debug\Exceptions->errorHandler(2, 'Undefined variable $add', 'C:\\xampp3\\htdocs\\projectcdac\\app\\Views\\booktrain.php', 3)
 2 SYSTEMPATH\View\View.php(228): include('C:\\xampp3\\htdocs\\projectcdac\\app\\Views\\booktrain.php')
 3 SYSTEMPATH\View\View.php(231): CodeIgniter\View\View->CodeIgniter\View\{closure}()
 4 SYSTEMPATH\Common.php(1190): CodeIgniter\View\View->render('booktrain', [], true)
 5 APPPATH\Controllers\Home.php(136): view('booktrain', [...])
 6 SYSTEMPATH\CodeIgniter.php(942): App\Controllers\Home->booktrain()
 7 SYSTEMPATH\CodeIgniter.php(502): CodeIgniter\CodeIgniter->runController(Object(App\Controllers\Home))
 8 SYSTEMPATH\CodeIgniter.php(361): CodeIgniter\CodeIgniter->handleRequest(null, Object(Config\Cache), false)
 9 FCPATH\index.php(79): CodeIgniter\CodeIgniter->run()
10 SYSTEMPATH\Commands\Server\rewrite.php(47): require_once('C:\\xampp3\\htdocs\\projectcdac\\public\\index.php')
CRITICAL - 2024-02-07 06:03:06 --> syntax error, unexpected token "?", expecting end of file
in APPPATH\Views\booktrain.php on line 177.
 1 SYSTEMPATH\View\View.php(231): CodeIgniter\View\View->CodeIgniter\View\{closure}()
 2 SYSTEMPATH\Common.php(1190): CodeIgniter\View\View->render('booktrain', [], true)
 3 APPPATH\Controllers\Home.php(136): view('booktrain', [...])
 4 SYSTEMPATH\CodeIgniter.php(942): App\Controllers\Home->booktrain()
 5 SYSTEMPATH\CodeIgniter.php(502): CodeIgniter\CodeIgniter->runController(Object(App\Controllers\Home))
 6 SYSTEMPATH\CodeIgniter.php(361): CodeIgniter\CodeIgniter->handleRequest(null, Object(Config\Cache), false)
 7 FCPATH\index.php(79): CodeIgniter\CodeIgniter->run()
 8 SYSTEMPATH\Commands\Server\rewrite.php(47): require_once('C:\\xampp3\\htdocs\\projectcdac\\public\\index.php')
CRITICAL - 2024-02-07 06:03:30 --> Undefined variable $add
in APPPATH\Views\booktrain.php on line 3.
 1 APPPATH\Views\booktrain.php(3): CodeIgniter\Debug\Exceptions->errorHandler(2, 'Undefined variable $add', 'C:\\xampp3\\htdocs\\projectcdac\\app\\Views\\booktrain.php', 3)
 2 SYSTEMPATH\View\View.php(228): include('C:\\xampp3\\htdocs\\projectcdac\\app\\Views\\booktrain.php')
 3 SYSTEMPATH\View\View.php(231): CodeIgniter\View\View->CodeIgniter\View\{closure}()
 4 SYSTEMPATH\Common.php(1190): CodeIgniter\View\View->render('booktrain', [], true)
 5 APPPATH\Controllers\Home.php(136): view('booktrain', [...])
 6 SYSTEMPATH\CodeIgniter.php(942): App\Controllers\Home->booktrain()
 7 SYSTEMPATH\CodeIgniter.php(502): CodeIgniter\CodeIgniter->runController(Object(App\Controllers\Home))
 8 SYSTEMPATH\CodeIgniter.php(361): CodeIgniter\CodeIgniter->handleRequest(null, Object(Config\Cache), false)
 9 FCPATH\index.php(79): CodeIgniter\CodeIgniter->run()
10 SYSTEMPATH\Commands\Server\rewrite.php(47): require_once('C:\\xampp3\\htdocs\\projectcdac\\public\\index.php')
CRITICAL - 2024-02-07 06:03:55 --> Undefined variable $add
in APPPATH\Views\booktrain.php on line 3.
 1 APPPATH\Views\booktrain.php(3): CodeIgniter\Debug\Exceptions->errorHandler(2, 'Undefined variable $add', 'C:\\xampp3\\htdocs\\projectcdac\\app\\Views\\booktrain.php', 3)
 2 SYSTEMPATH\View\View.php(228): include('C:\\xampp3\\htdocs\\projectcdac\\app\\Views\\booktrain.php')
 3 SYSTEMPATH\View\View.php(231): CodeIgniter\View\View->CodeIgniter\View\{closure}()
 4 SYSTEMPATH\Common.php(1190): CodeIgniter\View\View->render('booktrain', [], true)
 5 APPPATH\Controllers\Home.php(136): view('booktrain', [...])
 6 SYSTEMPATH\CodeIgniter.php(942): App\Controllers\Home->booktrain()
 7 SYSTEMPATH\CodeIgniter.php(502): CodeIgniter\CodeIgniter->runController(Object(App\Controllers\Home))
 8 SYSTEMPATH\CodeIgniter.php(361): CodeIgniter\CodeIgniter->handleRequest(null, Object(Config\Cache), false)
 9 FCPATH\index.php(79): CodeIgniter\CodeIgniter->run()
10 SYSTEMPATH\Commands\Server\rewrite.php(47): require_once('C:\\xampp3\\htdocs\\projectcdac\\public\\index.php')
CRITICAL - 2024-02-07 06:04:30 --> Undefined variable $add
in APPPATH\Views\booktrain.php on line 3.
 1 APPPATH\Views\booktrain.php(3): CodeIgniter\Debug\Exceptions->errorHandler(2, 'Undefined variable $add', 'C:\\xampp3\\htdocs\\projectcdac\\app\\Views\\booktrain.php', 3)
 2 SYSTEMPATH\View\View.php(228): include('C:\\xampp3\\htdocs\\projectcdac\\app\\Views\\booktrain.php')
 3 SYSTEMPATH\View\View.php(231): CodeIgniter\View\View->CodeIgniter\View\{closure}()
 4 SYSTEMPATH\Common.php(1190): CodeIgniter\View\View->render('booktrain', [], true)
 5 APPPATH\Controllers\Home.php(136): view('booktrain', [...])
 6 SYSTEMPATH\CodeIgniter.php(942): App\Controllers\Home->booktrain()
 7 SYSTEMPATH\CodeIgniter.php(502): CodeIgniter\CodeIgniter->runController(Object(App\Controllers\Home))
 8 SYSTEMPATH\CodeIgniter.php(361): CodeIgniter\CodeIgniter->handleRequest(null, Object(Config\Cache), false)
 9 FCPATH\index.php(79): CodeIgniter\CodeIgniter->run()
10 SYSTEMPATH\Commands\Server\rewrite.php(47): require_once('C:\\xampp3\\htdocs\\projectcdac\\public\\index.php')
CRITICAL - 2024-02-07 06:05:26 --> Undefined variable $add
in APPPATH\Views\booktrain.php on line 177.
 1 APPPATH\Views\booktrain.php(177): CodeIgniter\Debug\Exceptions->errorHandler(2, 'Undefined variable $add', 'C:\\xampp3\\htdocs\\projectcdac\\app\\Views\\booktrain.php', 177)
 2 SYSTEMPATH\View\View.php(228): include('C:\\xampp3\\htdocs\\projectcdac\\app\\Views\\booktrain.php')
 3 SYSTEMPATH\View\View.php(231): CodeIgniter\View\View->CodeIgniter\View\{closure}()
 4 SYSTEMPATH\Common.php(1190): CodeIgniter\View\View->render('booktrain', [], true)
 5 APPPATH\Controllers\Home.php(136): view('booktrain', [...])
 6 SYSTEMPATH\CodeIgniter.php(942): App\Controllers\Home->booktrain()
 7 SYSTEMPATH\CodeIgniter.php(502): CodeIgniter\CodeIgniter->runController(Object(App\Controllers\Home))
 8 SYSTEMPATH\CodeIgniter.php(361): CodeIgniter\CodeIgniter->handleRequest(null, Object(Config\Cache), false)
 9 FCPATH\index.php(79): CodeIgniter\CodeIgniter->run()
10 SYSTEMPATH\Commands\Server\rewrite.php(47): require_once('C:\\xampp3\\htdocs\\projectcdac\\public\\index.php')
CRITICAL - 2024-02-07 06:08:03 --> Undefined array key "org"
in APPPATH\Views\booktrain.php on line 177.
 1 APPPATH\Views\booktrain.php(177): CodeIgniter\Debug\Exceptions->errorHandler(2, 'Undefined array key "org"', 'C:\\xampp3\\htdocs\\projectcdac\\app\\Views\\booktrain.php', 177)
 2 SYSTEMPATH\View\View.php(228): include('C:\\xampp3\\htdocs\\projectcdac\\app\\Views\\booktrain.php')
 3 SYSTEMPATH\View\View.php(231): CodeIgniter\View\View->CodeIgniter\View\{closure}()
 4 SYSTEMPATH\Common.php(1190): CodeIgniter\View\View->render('booktrain', [], true)
 5 APPPATH\Controllers\Home.php(136): view('booktrain', [...])
 6 SYSTEMPATH\CodeIgniter.php(942): App\Controllers\Home->booktrain()
 7 SYSTEMPATH\CodeIgniter.php(502): CodeIgniter\CodeIgniter->runController(Object(App\Controllers\Home))
 8 SYSTEMPATH\CodeIgniter.php(361): CodeIgniter\CodeIgniter->handleRequest(null, Object(Config\Cache), false)
 9 FCPATH\index.php(79): CodeIgniter\CodeIgniter->run()
10 SYSTEMPATH\Commands\Server\rewrite.php(47): require_once('C:\\xampp3\\htdocs\\projectcdac\\public\\index.php')
CRITICAL - 2024-02-07 06:27:13 --> Undefined array key "train_id"
in APPPATH\Views\booktrain.php on line 181.
 1 APPPATH\Views\booktrain.php(181): CodeIgniter\Debug\Exceptions->errorHandler(2, 'Undefined array key "train_id"', 'C:\\xampp3\\htdocs\\projectcdac\\app\\Views\\booktrain.php', 181)
 2 SYSTEMPATH\View\View.php(228): include('C:\\xampp3\\htdocs\\projectcdac\\app\\Views\\booktrain.php')
 3 SYSTEMPATH\View\View.php(231): CodeIgniter\View\View->CodeIgniter\View\{closure}()
 4 SYSTEMPATH\Common.php(1190): CodeIgniter\View\View->render('booktrain', [], true)
 5 APPPATH\Controllers\Home.php(136): view('booktrain', [...])
 6 SYSTEMPATH\CodeIgniter.php(942): App\Controllers\Home->booktrain()
 7 SYSTEMPATH\CodeIgniter.php(502): CodeIgniter\CodeIgniter->runController(Object(App\Controllers\Home))
 8 SYSTEMPATH\CodeIgniter.php(361): CodeIgniter\CodeIgniter->handleRequest(null, Object(Config\Cache), false)
 9 FCPATH\index.php(79): CodeIgniter\CodeIgniter->run()
10 SYSTEMPATH\Commands\Server\rewrite.php(47): require_once('C:\\xampp3\\htdocs\\projectcdac\\public\\index.php')
CRITICAL - 2024-02-07 06:30:24 --> Undefined array key "train_id"
in APPPATH\Views\booktrain.php on line 181.
 1 APPPATH\Views\booktrain.php(181): CodeIgniter\Debug\Exceptions->errorHandler(2, 'Undefined array key "train_id"', 'C:\\xampp3\\htdocs\\projectcdac\\app\\Views\\booktrain.php', 181)
 2 SYSTEMPATH\View\View.php(228): include('C:\\xampp3\\htdocs\\projectcdac\\app\\Views\\booktrain.php')
 3 SYSTEMPATH\View\View.php(231): CodeIgniter\View\View->CodeIgniter\View\{closure}()
 4 SYSTEMPATH\Common.php(1190): CodeIgniter\View\View->render('booktrain', [], true)
 5 APPPATH\Controllers\Home.php(142): view('booktrain', [...])
 6 SYSTEMPATH\CodeIgniter.php(942): App\Controllers\Home->booktrain()
 7 SYSTEMPATH\CodeIgniter.php(502): CodeIgniter\CodeIgniter->runController(Object(App\Controllers\Home))
 8 SYSTEMPATH\CodeIgniter.php(361): CodeIgniter\CodeIgniter->handleRequest(null, Object(Config\Cache), false)
 9 FCPATH\index.php(79): CodeIgniter\CodeIgniter->run()
10 SYSTEMPATH\Commands\Server\rewrite.php(47): require_once('C:\\xampp3\\htdocs\\projectcdac\\public\\index.php')
CRITICAL - 2024-02-07 06:32:13 --> Undefined array key "train_id"
in APPPATH\Views\booktrain.php on line 181.
 1 APPPATH\Views\booktrain.php(181): CodeIgniter\Debug\Exceptions->errorHandler(2, 'Undefined array key "train_id"', 'C:\\xampp3\\htdocs\\projectcdac\\app\\Views\\booktrain.php', 181)
 2 SYSTEMPATH\View\View.php(228): include('C:\\xampp3\\htdocs\\projectcdac\\app\\Views\\booktrain.php')
 3 SYSTEMPATH\View\View.php(231): CodeIgniter\View\View->CodeIgniter\View\{closure}()
 4 SYSTEMPATH\Common.php(1190): CodeIgniter\View\View->render('booktrain', [], true)
 5 APPPATH\Controllers\Home.php(142): view('booktrain', [...])
 6 SYSTEMPATH\CodeIgniter.php(942): App\Controllers\Home->booktrain()
 7 SYSTEMPATH\CodeIgniter.php(502): CodeIgniter\CodeIgniter->runController(Object(App\Controllers\Home))
 8 SYSTEMPATH\CodeIgniter.php(361): CodeIgniter\CodeIgniter->handleRequest(null, Object(Config\Cache), false)
 9 FCPATH\index.php(79): CodeIgniter\CodeIgniter->run()
10 SYSTEMPATH\Commands\Server\rewrite.php(47): require_once('C:\\xampp3\\htdocs\\projectcdac\\public\\index.php')
CRITICAL - 2024-02-07 06:32:46 --> Undefined array key "train_id"
in APPPATH\Views\booktrain.php on line 181.
 1 APPPATH\Views\booktrain.php(181): CodeIgniter\Debug\Exceptions->errorHandler(2, 'Undefined array key "train_id"', 'C:\\xampp3\\htdocs\\projectcdac\\app\\Views\\booktrain.php', 181)
 2 SYSTEMPATH\View\View.php(228): include('C:\\xampp3\\htdocs\\projectcdac\\app\\Views\\booktrain.php')
 3 SYSTEMPATH\View\View.php(231): CodeIgniter\View\View->CodeIgniter\View\{closure}()
 4 SYSTEMPATH\Common.php(1190): CodeIgniter\View\View->render('booktrain', [], true)
 5 APPPATH\Controllers\Home.php(142): view('booktrain', [...])
 6 SYSTEMPATH\CodeIgniter.php(942): App\Controllers\Home->booktrain()
 7 SYSTEMPATH\CodeIgniter.php(502): CodeIgniter\CodeIgniter->runController(Object(App\Controllers\Home))
 8 SYSTEMPATH\CodeIgniter.php(361): CodeIgniter\CodeIgniter->handleRequest(null, Object(Config\Cache), false)
 9 FCPATH\index.php(79): CodeIgniter\CodeIgniter->run()
10 SYSTEMPATH\Commands\Server\rewrite.php(47): require_once('C:\\xampp3\\htdocs\\projectcdac\\public\\index.php')
CRITICAL - 2024-02-07 06:36:28 --> Undefined array key "train_id"
in APPPATH\Views\booktrain.php on line 181.
 1 APPPATH\Views\booktrain.php(181): CodeIgniter\Debug\Exceptions->errorHandler(2, 'Undefined array key "train_id"', 'C:\\xampp3\\htdocs\\projectcdac\\app\\Views\\booktrain.php', 181)
 2 SYSTEMPATH\View\View.php(228): include('C:\\xampp3\\htdocs\\projectcdac\\app\\Views\\booktrain.php')
 3 SYSTEMPATH\View\View.php(231): CodeIgniter\View\View->CodeIgniter\View\{closure}()
 4 SYSTEMPATH\Common.php(1190): CodeIgniter\View\View->render('booktrain', [], true)
 5 APPPATH\Controllers\Home.php(142): view('booktrain', [...])
 6 SYSTEMPATH\CodeIgniter.php(942): App\Controllers\Home->booktrain()
 7 SYSTEMPATH\CodeIgniter.php(502): CodeIgniter\CodeIgniter->runController(Object(App\Controllers\Home))
 8 SYSTEMPATH\CodeIgniter.php(361): CodeIgniter\CodeIgniter->handleRequest(null, Object(Config\Cache), false)
 9 FCPATH\index.php(79): CodeIgniter\CodeIgniter->run()
10 SYSTEMPATH\Commands\Server\rewrite.php(47): require_once('C:\\xampp3\\htdocs\\projectcdac\\public\\index.php')
ERROR - 2024-02-07 06:36:33 --> mysqli_sql_exception: Unknown column 'origin' in 'field list' in C:\xampp3\htdocs\projectcdac\system\Database\MySQLi\Connection.php:306
Stack trace:
#0 C:\xampp3\htdocs\projectcdac\system\Database\MySQLi\Connection.php(306): mysqli->query('INSERT INTO `bo...', 0)
#1 C:\xampp3\htdocs\projectcdac\system\Database\BaseConnection.php(693): CodeIgniter\Database\MySQLi\Connection->execute('INSERT INTO `bo...')
#2 C:\xampp3\htdocs\projectcdac\system\Database\BaseConnection.php(607): CodeIgniter\Database\BaseConnection->simpleQuery('INSERT INTO `bo...')
#3 C:\xampp3\htdocs\projectcdac\system\Database\BaseBuilder.php(2308): CodeIgniter\Database\BaseConnection->query('INSERT INTO `bo...', Array, false)
#4 C:\xampp3\htdocs\projectcdac\app\Models\Book.php(27): CodeIgniter\Database\BaseBuilder->insert(Array)
#5 C:\xampp3\htdocs\projectcdac\app\Controllers\Home.php(135): App\Models\Book->booking(Array)
#6 C:\xampp3\htdocs\projectcdac\system\CodeIgniter.php(942): App\Controllers\Home->booktrain()
#7 C:\xampp3\htdocs\projectcdac\system\CodeIgniter.php(502): CodeIgniter\CodeIgniter->runController(Object(App\Controllers\Home))
#8 C:\xampp3\htdocs\projectcdac\system\CodeIgniter.php(361): CodeIgniter\CodeIgniter->handleRequest(NULL, Object(Config\Cache), false)
#9 C:\xampp3\htdocs\projectcdac\public\index.php(79): CodeIgniter\CodeIgniter->run()
#10 C:\xampp3\htdocs\projectcdac\system\Commands\Server\rewrite.php(47): require_once('C:\\xampp3\\htdoc...')
#11 {main}
CRITICAL - 2024-02-07 06:36:33 --> Unknown column 'origin' in 'field list'
in SYSTEMPATH\Database\BaseConnection.php on line 647.
 1 SYSTEMPATH\Database\BaseBuilder.php(2308): CodeIgniter\Database\BaseConnection->query('INSERT INTO `booking` (`train_id`, `origin`, `destination`, `date`) VALUES (:train_id:, :origin:, :destination:, :date:)', [...], false)
 2 APPPATH\Models\Book.php(27): CodeIgniter\Database\BaseBuilder->insert([...])
 3 APPPATH\Controllers\Home.php(135): App\Models\Book->booking([...])
 4 SYSTEMPATH\CodeIgniter.php(942): App\Controllers\Home->booktrain()
 5 SYSTEMPATH\CodeIgniter.php(502): CodeIgniter\CodeIgniter->runController(Object(App\Controllers\Home))
 6 SYSTEMPATH\CodeIgniter.php(361): CodeIgniter\CodeIgniter->handleRequest(null, Object(Config\Cache), false)
 7 FCPATH\index.php(79): CodeIgniter\CodeIgniter->run()
 8 SYSTEMPATH\Commands\Server\rewrite.php(47): require_once('C:\\xampp3\\htdocs\\projectcdac\\public\\index.php')
CRITICAL - 2024-02-07 06:38:44 --> Undefined array key "train_id"
in APPPATH\Views\booktrain.php on line 181.
 1 APPPATH\Views\booktrain.php(181): CodeIgniter\Debug\Exceptions->errorHandler(2, 'Undefined array key "train_id"', 'C:\\xampp3\\htdocs\\projectcdac\\app\\Views\\booktrain.php', 181)
 2 SYSTEMPATH\View\View.php(228): include('C:\\xampp3\\htdocs\\projectcdac\\app\\Views\\booktrain.php')
 3 SYSTEMPATH\View\View.php(231): CodeIgniter\View\View->CodeIgniter\View\{closure}()
 4 SYSTEMPATH\Common.php(1190): CodeIgniter\View\View->render('booktrain', [], true)
 5 APPPATH\Controllers\Home.php(142): view('booktrain', [...])
 6 SYSTEMPATH\CodeIgniter.php(942): App\Controllers\Home->booktrain()
 7 SYSTEMPATH\CodeIgniter.php(502): CodeIgniter\CodeIgniter->runController(Object(App\Controllers\Home))
 8 SYSTEMPATH\CodeIgniter.php(361): CodeIgniter\CodeIgniter->handleRequest(null, Object(Config\Cache), false)
 9 FCPATH\index.php(79): CodeIgniter\CodeIgniter->run()
10 SYSTEMPATH\Commands\Server\rewrite.php(47): require_once('C:\\xampp3\\htdocs\\projectcdac\\public\\index.php')
CRITICAL - 2024-02-07 06:38:53 --> Undefined variable $add
in APPPATH\Views\booktrain.php on line 181.
 1 APPPATH\Views\booktrain.php(181): CodeIgniter\Debug\Exceptions->errorHandler(2, 'Undefined variable $add', 'C:\\xampp3\\htdocs\\projectcdac\\app\\Views\\booktrain.php', 181)
 2 SYSTEMPATH\View\View.php(228): include('C:\\xampp3\\htdocs\\projectcdac\\app\\Views\\booktrain.php')
 3 SYSTEMPATH\View\View.php(231): CodeIgniter\View\View->CodeIgniter\View\{closure}()
 4 SYSTEMPATH\Common.php(1190): CodeIgniter\View\View->render('booktrain', [], true)
 5 APPPATH\Controllers\Home.php(142): view('booktrain', [...])
 6 SYSTEMPATH\CodeIgniter.php(942): App\Controllers\Home->booktrain()
 7 SYSTEMPATH\CodeIgniter.php(502): CodeIgniter\CodeIgniter->runController(Object(App\Controllers\Home))
 8 SYSTEMPATH\CodeIgniter.php(361): CodeIgniter\CodeIgniter->handleRequest(null, Object(Config\Cache), false)
 9 FCPATH\index.php(79): CodeIgniter\CodeIgniter->run()
10 SYSTEMPATH\Commands\Server\rewrite.php(47): require_once('C:\\xampp3\\htdocs\\projectcdac\\public\\index.php')
CRITICAL - 2024-02-07 06:39:17 --> Undefined array key "train_id"
in APPPATH\Views\booktrain.php on line 181.
 1 APPPATH\Views\booktrain.php(181): CodeIgniter\Debug\Exceptions->errorHandler(2, 'Undefined array key "train_id"', 'C:\\xampp3\\htdocs\\projectcdac\\app\\Views\\booktrain.php', 181)
 2 SYSTEMPATH\View\View.php(228): include('C:\\xampp3\\htdocs\\projectcdac\\app\\Views\\booktrain.php')
 3 SYSTEMPATH\View\View.php(231): CodeIgniter\View\View->CodeIgniter\View\{closure}()
 4 SYSTEMPATH\Common.php(1190): CodeIgniter\View\View->render('booktrain', [], true)
 5 APPPATH\Controllers\Home.php(142): view('booktrain', [...])
 6 SYSTEMPATH\CodeIgniter.php(942): App\Controllers\Home->booktrain()
 7 SYSTEMPATH\CodeIgniter.php(502): CodeIgniter\CodeIgniter->runController(Object(App\Controllers\Home))
 8 SYSTEMPATH\CodeIgniter.php(361): CodeIgniter\CodeIgniter->handleRequest(null, Object(Config\Cache), false)
 9 FCPATH\index.php(79): CodeIgniter\CodeIgniter->run()
10 SYSTEMPATH\Commands\Server\rewrite.php(47): require_once('C:\\xampp3\\htdocs\\projectcdac\\public\\index.php')
CRITICAL - 2024-02-07 06:39:28 --> Undefined variable $add
in APPPATH\Views\booktrain.php on line 3.
 1 APPPATH\Views\booktrain.php(3): CodeIgniter\Debug\Exceptions->errorHandler(2, 'Undefined variable $add', 'C:\\xampp3\\htdocs\\projectcdac\\app\\Views\\booktrain.php', 3)
 2 SYSTEMPATH\View\View.php(228): include('C:\\xampp3\\htdocs\\projectcdac\\app\\Views\\booktrain.php')
 3 SYSTEMPATH\View\View.php(231): CodeIgniter\View\View->CodeIgniter\View\{closure}()
 4 SYSTEMPATH\Common.php(1190): CodeIgniter\View\View->render('booktrain', [], true)
 5 APPPATH\Controllers\Home.php(142): view('booktrain', [...])
 6 SYSTEMPATH\CodeIgniter.php(942): App\Controllers\Home->booktrain()
 7 SYSTEMPATH\CodeIgniter.php(502): CodeIgniter\CodeIgniter->runController(Object(App\Controllers\Home))
 8 SYSTEMPATH\CodeIgniter.php(361): CodeIgniter\CodeIgniter->handleRequest(null, Object(Config\Cache), false)
 9 FCPATH\index.php(79): CodeIgniter\CodeIgniter->run()
10 SYSTEMPATH\Commands\Server\rewrite.php(47): require_once('C:\\xampp3\\htdocs\\projectcdac\\public\\index.php')
CRITICAL - 2024-02-07 06:41:08 --> Undefined array key "train_id"
in APPPATH\Views\booktrain.php on line 181.
 1 APPPATH\Views\booktrain.php(181): CodeIgniter\Debug\Exceptions->errorHandler(2, 'Undefined array key "train_id"', 'C:\\xampp3\\htdocs\\projectcdac\\app\\Views\\booktrain.php', 181)
 2 SYSTEMPATH\View\View.php(228): include('C:\\xampp3\\htdocs\\projectcdac\\app\\Views\\booktrain.php')
 3 SYSTEMPATH\View\View.php(231): CodeIgniter\View\View->CodeIgniter\View\{closure}()
 4 SYSTEMPATH\Common.php(1190): CodeIgniter\View\View->render('booktrain', [], true)
 5 APPPATH\Controllers\Home.php(143): view('booktrain', [...])
 6 SYSTEMPATH\CodeIgniter.php(942): App\Controllers\Home->booktrain()
 7 SYSTEMPATH\CodeIgniter.php(502): CodeIgniter\CodeIgniter->runController(Object(App\Controllers\Home))
 8 SYSTEMPATH\CodeIgniter.php(361): CodeIgniter\CodeIgniter->handleRequest(null, Object(Config\Cache), false)
 9 FCPATH\index.php(79): CodeIgniter\CodeIgniter->run()
10 SYSTEMPATH\Commands\Server\rewrite.php(47): require_once('C:\\xampp3\\htdocs\\projectcdac\\public\\index.php')
CRITICAL - 2024-02-07 06:41:12 --> Undefined array key "train_id"
in APPPATH\Views\booktrain.php on line 181.
 1 APPPATH\Views\booktrain.php(181): CodeIgniter\Debug\Exceptions->errorHandler(2, 'Undefined array key "train_id"', 'C:\\xampp3\\htdocs\\projectcdac\\app\\Views\\booktrain.php', 181)
 2 SYSTEMPATH\View\View.php(228): include('C:\\xampp3\\htdocs\\projectcdac\\app\\Views\\booktrain.php')
 3 SYSTEMPATH\View\View.php(231): CodeIgniter\View\View->CodeIgniter\View\{closure}()
 4 SYSTEMPATH\Common.php(1190): CodeIgniter\View\View->render('booktrain', [], true)
 5 APPPATH\Controllers\Home.php(143): view('booktrain', [...])
 6 SYSTEMPATH\CodeIgniter.php(942): App\Controllers\Home->booktrain()
 7 SYSTEMPATH\CodeIgniter.php(502): CodeIgniter\CodeIgniter->runController(Object(App\Controllers\Home))
 8 SYSTEMPATH\CodeIgniter.php(361): CodeIgniter\CodeIgniter->handleRequest(null, Object(Config\Cache), false)
 9 FCPATH\index.php(79): CodeIgniter\CodeIgniter->run()
10 SYSTEMPATH\Commands\Server\rewrite.php(47): require_once('C:\\xampp3\\htdocs\\projectcdac\\public\\index.php')
CRITICAL - 2024-02-07 06:41:33 --> Undefined array key "train_id"
in APPPATH\Views\booktrain.php on line 181.
 1 APPPATH\Views\booktrain.php(181): CodeIgniter\Debug\Exceptions->errorHandler(2, 'Undefined array key "train_id"', 'C:\\xampp3\\htdocs\\projectcdac\\app\\Views\\booktrain.php', 181)
 2 SYSTEMPATH\View\View.php(228): include('C:\\xampp3\\htdocs\\projectcdac\\app\\Views\\booktrain.php')
 3 SYSTEMPATH\View\View.php(231): CodeIgniter\View\View->CodeIgniter\View\{closure}()
 4 SYSTEMPATH\Common.php(1190): CodeIgniter\View\View->render('booktrain', [], true)
 5 APPPATH\Controllers\Home.php(143): view('booktrain', [...])
 6 SYSTEMPATH\CodeIgniter.php(942): App\Controllers\Home->booktrain()
 7 SYSTEMPATH\CodeIgniter.php(502): CodeIgniter\CodeIgniter->runController(Object(App\Controllers\Home))
 8 SYSTEMPATH\CodeIgniter.php(361): CodeIgniter\CodeIgniter->handleRequest(null, Object(Config\Cache), false)
 9 FCPATH\index.php(79): CodeIgniter\CodeIgniter->run()
10 SYSTEMPATH\Commands\Server\rewrite.php(47): require_once('C:\\xampp3\\htdocs\\projectcdac\\public\\index.php')
