CRITICAL - 2024-02-08 06:30:35 --> Undefined array key "train_id"
in APPPATH\Views\booktrain.php on line 181.
 1 APPPATH\Views\booktrain.php(181): CodeIgniter\Debug\Exceptions->errorHandler(2, 'Undefined array key "train_id"', 'C:\\xampp3\\htdocs\\projectcdac\\app\\Views\\booktrain.php', 181)
 2 SYSTEMPATH\View\View.php(228): include('C:\\xampp3\\htdocs\\projectcdac\\app\\Views\\booktrain.php')
 3 SYSTEMPATH\View\View.php(231): CodeIgniter\View\View->CodeIgniter\View\{closure}()
 4 SYSTEMPATH\Common.php(1190): CodeIgniter\View\View->render('booktrain', [], true)
 5 APPPATH\Controllers\Home.php(129): view('booktrain', [...])
 6 SYSTEMPATH\CodeIgniter.php(942): App\Controllers\Home->booktrain()
 7 SYSTEMPATH\CodeIgniter.php(502): CodeIgniter\CodeIgniter->runController(Object(App\Controllers\Home))
 8 SYSTEMPATH\CodeIgniter.php(361): CodeIgniter\CodeIgniter->handleRequest(null, Object(Config\Cache), false)
 9 FCPATH\index.php(79): CodeIgniter\CodeIgniter->run()
10 SYSTEMPATH\Commands\Server\rewrite.php(47): require_once('C:\\xampp3\\htdocs\\projectcdac\\public\\index.php')
CRITICAL - 2024-02-08 06:38:00 --> syntax error, unexpected variable "$trainModel"
in APPPATH\Models\Book.php on line 36.
 1 SYSTEMPATH\Autoloader\Autoloader.php(291): CodeIgniter\Autoloader\Autoloader->includeFile('C:\\xampp3\\htdocs\\projectcdac\\app\\Models\\Book.php')
 2 SYSTEMPATH\Autoloader\Autoloader.php(269): CodeIgniter\Autoloader\Autoloader->loadInNamespace('App\\Models\\Book')
 3 APPPATH\Controllers\Home.php(135): CodeIgniter\Autoloader\Autoloader->loadClass('App\\Models\\Book')
 4 SYSTEMPATH\CodeIgniter.php(942): App\Controllers\Home->booktrain()
 5 SYSTEMPATH\CodeIgniter.php(502): CodeIgniter\CodeIgniter->runController(Object(App\Controllers\Home))
 6 SYSTEMPATH\CodeIgniter.php(361): CodeIgniter\CodeIgniter->handleRequest(null, Object(Config\Cache), false)
 7 FCPATH\index.php(79): CodeIgniter\CodeIgniter->run()
 8 SYSTEMPATH\Commands\Server\rewrite.php(47): require_once('C:\\xampp3\\htdocs\\projectcdac\\public\\index.php')
CRITICAL - 2024-02-08 06:38:29 --> Cannot use [] for reading
in APPPATH\Models\Book.php on line 23.
 1 [internal function]: CodeIgniter\Debug\Exceptions->shutdownHandler()
CRITICAL - 2024-02-08 06:38:50 --> Undefined variable $passengerAges
in APPPATH\Models\Book.php on line 31.
 1 APPPATH\Models\Book.php(31): CodeIgniter\Debug\Exceptions->errorHandler(2, 'Undefined variable $passengerAges', 'C:\\xampp3\\htdocs\\projectcdac\\app\\Models\\Book.php', 31)
 2 APPPATH\Controllers\Home.php(136): App\Models\Book->booking([...])
 3 SYSTEMPATH\CodeIgniter.php(942): App\Controllers\Home->booktrain()
 4 SYSTEMPATH\CodeIgniter.php(502): CodeIgniter\CodeIgniter->runController(Object(App\Controllers\Home))
 5 SYSTEMPATH\CodeIgniter.php(361): CodeIgniter\CodeIgniter->handleRequest(null, Object(Config\Cache), false)
 6 FCPATH\index.php(79): CodeIgniter\CodeIgniter->run()
 7 SYSTEMPATH\Commands\Server\rewrite.php(47): require_once('C:\\xampp3\\htdocs\\projectcdac\\public\\index.php')
ERROR - 2024-02-08 06:39:54 --> mysqli_sql_exception: Operand should contain 1 column(s) in C:\xampp3\htdocs\projectcdac\system\Database\MySQLi\Connection.php:306
Stack trace:
#0 C:\xampp3\htdocs\projectcdac\system\Database\MySQLi\Connection.php(306): mysqli->query('INSERT INTO `bo...', 0)
#1 C:\xampp3\htdocs\projectcdac\system\Database\BaseConnection.php(693): CodeIgniter\Database\MySQLi\Connection->execute('INSERT INTO `bo...')
#2 C:\xampp3\htdocs\projectcdac\system\Database\BaseConnection.php(607): CodeIgniter\Database\BaseConnection->simpleQuery('INSERT INTO `bo...')
#3 C:\xampp3\htdocs\projectcdac\system\Database\BaseBuilder.php(2308): CodeIgniter\Database\BaseConnection->query('INSERT INTO `bo...', Array, false)
#4 C:\xampp3\htdocs\projectcdac\app\Models\Book.php(37): CodeIgniter\Database\BaseBuilder->insert(Array)
#5 C:\xampp3\htdocs\projectcdac\app\Controllers\Home.php(136): App\Models\Book->booking(Array)
#6 C:\xampp3\htdocs\projectcdac\system\CodeIgniter.php(942): App\Controllers\Home->booktrain()
#7 C:\xampp3\htdocs\projectcdac\system\CodeIgniter.php(502): CodeIgniter\CodeIgniter->runController(Object(App\Controllers\Home))
#8 C:\xampp3\htdocs\projectcdac\system\CodeIgniter.php(361): CodeIgniter\CodeIgniter->handleRequest(NULL, Object(Config\Cache), false)
#9 C:\xampp3\htdocs\projectcdac\public\index.php(79): CodeIgniter\CodeIgniter->run()
#10 C:\xampp3\htdocs\projectcdac\system\Commands\Server\rewrite.php(47): require_once('C:\\xampp3\\htdoc...')
#11 {main}
CRITICAL - 2024-02-08 06:39:55 --> Operand should contain 1 column(s)
in SYSTEMPATH\Database\BaseConnection.php on line 647.
 1 SYSTEMPATH\Database\BaseBuilder.php(2308): CodeIgniter\Database\BaseConnection->query('INSERT INTO `booking` (`train_id`, `org`, `dest`, `date_j`, `passenger_name`, `passenger_age`) VALUES (:train_id:, :org:, :dest:, :date_j:, :passenger_name:, :passenger_age:)', [...], false)
 2 APPPATH\Models\Book.php(37): CodeIgniter\Database\BaseBuilder->insert([...])
 3 APPPATH\Controllers\Home.php(136): App\Models\Book->booking([...])
 4 SYSTEMPATH\CodeIgniter.php(942): App\Controllers\Home->booktrain()
 5 SYSTEMPATH\CodeIgniter.php(502): CodeIgniter\CodeIgniter->runController(Object(App\Controllers\Home))
 6 SYSTEMPATH\CodeIgniter.php(361): CodeIgniter\CodeIgniter->handleRequest(null, Object(Config\Cache), false)
 7 FCPATH\index.php(79): CodeIgniter\CodeIgniter->run()
 8 SYSTEMPATH\Commands\Server\rewrite.php(47): require_once('C:\\xampp3\\htdocs\\projectcdac\\public\\index.php')
ERROR - 2024-02-08 06:42:27 --> mysqli_sql_exception: Unknown column 'passenger_name' in 'field list' in C:\xampp3\htdocs\projectcdac\system\Database\MySQLi\Connection.php:306
Stack trace:
#0 C:\xampp3\htdocs\projectcdac\system\Database\MySQLi\Connection.php(306): mysqli->query('INSERT INTO `bo...', 0)
#1 C:\xampp3\htdocs\projectcdac\system\Database\BaseConnection.php(693): CodeIgniter\Database\MySQLi\Connection->execute('INSERT INTO `bo...')
#2 C:\xampp3\htdocs\projectcdac\system\Database\BaseConnection.php(607): CodeIgniter\Database\BaseConnection->simpleQuery('INSERT INTO `bo...')
#3 C:\xampp3\htdocs\projectcdac\system\Database\BaseBuilder.php(2308): CodeIgniter\Database\BaseConnection->query('INSERT INTO `bo...', Array, false)
#4 C:\xampp3\htdocs\projectcdac\app\Models\Book.php(36): CodeIgniter\Database\BaseBuilder->insert(Array)
#5 C:\xampp3\htdocs\projectcdac\app\Controllers\Home.php(136): App\Models\Book->booking(Array)
#6 C:\xampp3\htdocs\projectcdac\system\CodeIgniter.php(942): App\Controllers\Home->booktrain()
#7 C:\xampp3\htdocs\projectcdac\system\CodeIgniter.php(502): CodeIgniter\CodeIgniter->runController(Object(App\Controllers\Home))
#8 C:\xampp3\htdocs\projectcdac\system\CodeIgniter.php(361): CodeIgniter\CodeIgniter->handleRequest(NULL, Object(Config\Cache), false)
#9 C:\xampp3\htdocs\projectcdac\public\index.php(79): CodeIgniter\CodeIgniter->run()
#10 C:\xampp3\htdocs\projectcdac\system\Commands\Server\rewrite.php(47): require_once('C:\\xampp3\\htdoc...')
#11 {main}
CRITICAL - 2024-02-08 06:42:27 --> Unknown column 'passenger_name' in 'field list'
in SYSTEMPATH\Database\BaseConnection.php on line 647.
 1 SYSTEMPATH\Database\BaseBuilder.php(2308): CodeIgniter\Database\BaseConnection->query('INSERT INTO `booking` (`train_id`, `org`, `dest`, `date_j`, `passenger_name`, `passenger_age`) VALUES (:train_id:, :org:, :dest:, :date_j:, :passenger_name:, :passenger_age:)', [...], false)
 2 APPPATH\Models\Book.php(36): CodeIgniter\Database\BaseBuilder->insert([...])
 3 APPPATH\Controllers\Home.php(136): App\Models\Book->booking([...])
 4 SYSTEMPATH\CodeIgniter.php(942): App\Controllers\Home->booktrain()
 5 SYSTEMPATH\CodeIgniter.php(502): CodeIgniter\CodeIgniter->runController(Object(App\Controllers\Home))
 6 SYSTEMPATH\CodeIgniter.php(361): CodeIgniter\CodeIgniter->handleRequest(null, Object(Config\Cache), false)
 7 FCPATH\index.php(79): CodeIgniter\CodeIgniter->run()
 8 SYSTEMPATH\Commands\Server\rewrite.php(47): require_once('C:\\xampp3\\htdocs\\projectcdac\\public\\index.php')
ERROR - 2024-02-08 06:44:03 --> mysqli_sql_exception: Unknown column 'passenger_name' in 'field list' in C:\xampp3\htdocs\projectcdac\system\Database\MySQLi\Connection.php:306
Stack trace:
#0 C:\xampp3\htdocs\projectcdac\system\Database\MySQLi\Connection.php(306): mysqli->query('INSERT INTO `bo...', 0)
#1 C:\xampp3\htdocs\projectcdac\system\Database\BaseConnection.php(693): CodeIgniter\Database\MySQLi\Connection->execute('INSERT INTO `bo...')
#2 C:\xampp3\htdocs\projectcdac\system\Database\BaseConnection.php(607): CodeIgniter\Database\BaseConnection->simpleQuery('INSERT INTO `bo...')
#3 C:\xampp3\htdocs\projectcdac\system\Database\BaseBuilder.php(2308): CodeIgniter\Database\BaseConnection->query('INSERT INTO `bo...', Array, false)
#4 C:\xampp3\htdocs\projectcdac\app\Models\Book.php(36): CodeIgniter\Database\BaseBuilder->insert(Array)
#5 C:\xampp3\htdocs\projectcdac\app\Controllers\Home.php(136): App\Models\Book->booking(Array)
#6 C:\xampp3\htdocs\projectcdac\system\CodeIgniter.php(942): App\Controllers\Home->booktrain()
#7 C:\xampp3\htdocs\projectcdac\system\CodeIgniter.php(502): CodeIgniter\CodeIgniter->runController(Object(App\Controllers\Home))
#8 C:\xampp3\htdocs\projectcdac\system\CodeIgniter.php(361): CodeIgniter\CodeIgniter->handleRequest(NULL, Object(Config\Cache), false)
#9 C:\xampp3\htdocs\projectcdac\public\index.php(79): CodeIgniter\CodeIgniter->run()
#10 C:\xampp3\htdocs\projectcdac\system\Commands\Server\rewrite.php(47): require_once('C:\\xampp3\\htdoc...')
#11 {main}
CRITICAL - 2024-02-08 06:44:03 --> Unknown column 'passenger_name' in 'field list'
in SYSTEMPATH\Database\BaseConnection.php on line 647.
 1 SYSTEMPATH\Database\BaseBuilder.php(2308): CodeIgniter\Database\BaseConnection->query('INSERT INTO `booking` (`train_id`, `org`, `dest`, `date_j`, `passenger_name`, `passenger_age`) VALUES (:train_id:, :org:, :dest:, :date_j:, :passenger_name:, :passenger_age:)', [...], false)
 2 APPPATH\Models\Book.php(36): CodeIgniter\Database\BaseBuilder->insert([...])
 3 APPPATH\Controllers\Home.php(136): App\Models\Book->booking([...])
 4 SYSTEMPATH\CodeIgniter.php(942): App\Controllers\Home->booktrain()
 5 SYSTEMPATH\CodeIgniter.php(502): CodeIgniter\CodeIgniter->runController(Object(App\Controllers\Home))
 6 SYSTEMPATH\CodeIgniter.php(361): CodeIgniter\CodeIgniter->handleRequest(null, Object(Config\Cache), false)
 7 FCPATH\index.php(79): CodeIgniter\CodeIgniter->run()
 8 SYSTEMPATH\Commands\Server\rewrite.php(47): require_once('C:\\xampp3\\htdocs\\projectcdac\\public\\index.php')
ERROR - 2024-02-08 06:45:02 --> mysqli_sql_exception: Unknown column 'passenger_name' in 'field list' in C:\xampp3\htdocs\projectcdac\system\Database\MySQLi\Connection.php:306
Stack trace:
#0 C:\xampp3\htdocs\projectcdac\system\Database\MySQLi\Connection.php(306): mysqli->query('INSERT INTO `bo...', 0)
#1 C:\xampp3\htdocs\projectcdac\system\Database\BaseConnection.php(693): CodeIgniter\Database\MySQLi\Connection->execute('INSERT INTO `bo...')
#2 C:\xampp3\htdocs\projectcdac\system\Database\BaseConnection.php(607): CodeIgniter\Database\BaseConnection->simpleQuery('INSERT INTO `bo...')
#3 C:\xampp3\htdocs\projectcdac\system\Database\BaseBuilder.php(2308): CodeIgniter\Database\BaseConnection->query('INSERT INTO `bo...', Array, false)
#4 C:\xampp3\htdocs\projectcdac\app\Models\Book.php(36): CodeIgniter\Database\BaseBuilder->insert(Array)
#5 C:\xampp3\htdocs\projectcdac\app\Controllers\Home.php(136): App\Models\Book->booking(Array)
#6 C:\xampp3\htdocs\projectcdac\system\CodeIgniter.php(942): App\Controllers\Home->booktrain()
#7 C:\xampp3\htdocs\projectcdac\system\CodeIgniter.php(502): CodeIgniter\CodeIgniter->runController(Object(App\Controllers\Home))
#8 C:\xampp3\htdocs\projectcdac\system\CodeIgniter.php(361): CodeIgniter\CodeIgniter->handleRequest(NULL, Object(Config\Cache), false)
#9 C:\xampp3\htdocs\projectcdac\public\index.php(79): CodeIgniter\CodeIgniter->run()
#10 C:\xampp3\htdocs\projectcdac\system\Commands\Server\rewrite.php(47): require_once('C:\\xampp3\\htdoc...')
#11 {main}
CRITICAL - 2024-02-08 06:45:02 --> Unknown column 'passenger_name' in 'field list'
in SYSTEMPATH\Database\BaseConnection.php on line 647.
 1 SYSTEMPATH\Database\BaseBuilder.php(2308): CodeIgniter\Database\BaseConnection->query('INSERT INTO `booking` (`train_id`, `org`, `dest`, `date_j`, `passenger_name`, `passenger_age`) VALUES (:train_id:, :org:, :dest:, :date_j:, :passenger_name:, :passenger_age:)', [...], false)
 2 APPPATH\Models\Book.php(36): CodeIgniter\Database\BaseBuilder->insert([...])
 3 APPPATH\Controllers\Home.php(136): App\Models\Book->booking([...])
 4 SYSTEMPATH\CodeIgniter.php(942): App\Controllers\Home->booktrain()
 5 SYSTEMPATH\CodeIgniter.php(502): CodeIgniter\CodeIgniter->runController(Object(App\Controllers\Home))
 6 SYSTEMPATH\CodeIgniter.php(361): CodeIgniter\CodeIgniter->handleRequest(null, Object(Config\Cache), false)
 7 FCPATH\index.php(79): CodeIgniter\CodeIgniter->run()
 8 SYSTEMPATH\Commands\Server\rewrite.php(47): require_once('C:\\xampp3\\htdocs\\projectcdac\\public\\index.php')
CRITICAL - 2024-02-08 06:47:40 --> Undefined array key "pass_name"
in APPPATH\Models\Book.php on line 24.
 1 APPPATH\Models\Book.php(24): CodeIgniter\Debug\Exceptions->errorHandler(2, 'Undefined array key "pass_name"', 'C:\\xampp3\\htdocs\\projectcdac\\app\\Models\\Book.php', 24)
 2 APPPATH\Controllers\Home.php(136): App\Models\Book->booking([...])
 3 SYSTEMPATH\CodeIgniter.php(942): App\Controllers\Home->booktrain()
 4 SYSTEMPATH\CodeIgniter.php(502): CodeIgniter\CodeIgniter->runController(Object(App\Controllers\Home))
 5 SYSTEMPATH\CodeIgniter.php(361): CodeIgniter\CodeIgniter->handleRequest(null, Object(Config\Cache), false)
 6 FCPATH\index.php(79): CodeIgniter\CodeIgniter->run()
 7 SYSTEMPATH\Commands\Server\rewrite.php(47): require_once('C:\\xampp3\\htdocs\\projectcdac\\public\\index.php')
CRITICAL - 2024-02-08 06:53:34 --> Undefined global variable $_SESSION
in APPPATH\Models\Book.php on line 32.
 1 APPPATH\Models\Book.php(32): CodeIgniter\Debug\Exceptions->errorHandler(2, 'Undefined global variable $_SESSION', 'C:\\xampp3\\htdocs\\projectcdac\\app\\Models\\Book.php', 32)
 2 APPPATH\Controllers\Home.php(136): App\Models\Book->booking([...])
 3 SYSTEMPATH\CodeIgniter.php(942): App\Controllers\Home->booktrain()
 4 SYSTEMPATH\CodeIgniter.php(502): CodeIgniter\CodeIgniter->runController(Object(App\Controllers\Home))
 5 SYSTEMPATH\CodeIgniter.php(361): CodeIgniter\CodeIgniter->handleRequest(null, Object(Config\Cache), false)
 6 FCPATH\index.php(79): CodeIgniter\CodeIgniter->run()
 7 SYSTEMPATH\Commands\Server\rewrite.php(47): require_once('C:\\xampp3\\htdocs\\projectcdac\\public\\index.php')
CRITICAL - 2024-02-08 06:54:19 --> Undefined global variable $_SESSION
in APPPATH\Models\Book.php on line 32.
 1 APPPATH\Models\Book.php(32): CodeIgniter\Debug\Exceptions->errorHandler(2, 'Undefined global variable $_SESSION', 'C:\\xampp3\\htdocs\\projectcdac\\app\\Models\\Book.php', 32)
 2 APPPATH\Controllers\Home.php(136): App\Models\Book->booking([...])
 3 SYSTEMPATH\CodeIgniter.php(942): App\Controllers\Home->booktrain()
 4 SYSTEMPATH\CodeIgniter.php(502): CodeIgniter\CodeIgniter->runController(Object(App\Controllers\Home))
 5 SYSTEMPATH\CodeIgniter.php(361): CodeIgniter\CodeIgniter->handleRequest(null, Object(Config\Cache), false)
 6 FCPATH\index.php(79): CodeIgniter\CodeIgniter->run()
 7 SYSTEMPATH\Commands\Server\rewrite.php(47): require_once('C:\\xampp3\\htdocs\\projectcdac\\public\\index.php')
ERROR - 2024-02-08 06:55:28 --> mysqli_sql_exception: Unknown column 'prof-id' in 'field list' in C:\xampp3\htdocs\projectcdac\system\Database\MySQLi\Connection.php:306
Stack trace:
#0 C:\xampp3\htdocs\projectcdac\system\Database\MySQLi\Connection.php(306): mysqli->query('INSERT INTO `bo...', 0)
#1 C:\xampp3\htdocs\projectcdac\system\Database\BaseConnection.php(693): CodeIgniter\Database\MySQLi\Connection->execute('INSERT INTO `bo...')
#2 C:\xampp3\htdocs\projectcdac\system\Database\BaseConnection.php(607): CodeIgniter\Database\BaseConnection->simpleQuery('INSERT INTO `bo...')
#3 C:\xampp3\htdocs\projectcdac\system\Database\BaseBuilder.php(2308): CodeIgniter\Database\BaseConnection->query('INSERT INTO `bo...', Array, false)
#4 C:\xampp3\htdocs\projectcdac\app\Models\Book.php(35): CodeIgniter\Database\BaseBuilder->insert(Array)
#5 C:\xampp3\htdocs\projectcdac\app\Controllers\Home.php(137): App\Models\Book->booking(Array)
#6 C:\xampp3\htdocs\projectcdac\system\CodeIgniter.php(942): App\Controllers\Home->booktrain()
#7 C:\xampp3\htdocs\projectcdac\system\CodeIgniter.php(502): CodeIgniter\CodeIgniter->runController(Object(App\Controllers\Home))
#8 C:\xampp3\htdocs\projectcdac\system\CodeIgniter.php(361): CodeIgniter\CodeIgniter->handleRequest(NULL, Object(Config\Cache), false)
#9 C:\xampp3\htdocs\projectcdac\public\index.php(79): CodeIgniter\CodeIgniter->run()
#10 C:\xampp3\htdocs\projectcdac\system\Commands\Server\rewrite.php(47): require_once('C:\\xampp3\\htdoc...')
#11 {main}
CRITICAL - 2024-02-08 06:55:28 --> Unknown column 'prof-id' in 'field list'
in SYSTEMPATH\Database\BaseConnection.php on line 647.
 1 SYSTEMPATH\Database\BaseBuilder.php(2308): CodeIgniter\Database\BaseConnection->query('INSERT INTO `booking` (`train_id`, `org`, `dest`, `date_j`, `pass_name`, `pass_age`, `prof-id`) VALUES (:train_id:, :org:, :dest:, :date_j:, :pass_name:, :pass_age:, :prof-id:)', [...], false)
 2 APPPATH\Models\Book.php(35): CodeIgniter\Database\BaseBuilder->insert([...])
 3 APPPATH\Controllers\Home.php(137): App\Models\Book->booking([...])
 4 SYSTEMPATH\CodeIgniter.php(942): App\Controllers\Home->booktrain()
 5 SYSTEMPATH\CodeIgniter.php(502): CodeIgniter\CodeIgniter->runController(Object(App\Controllers\Home))
 6 SYSTEMPATH\CodeIgniter.php(361): CodeIgniter\CodeIgniter->handleRequest(null, Object(Config\Cache), false)
 7 FCPATH\index.php(79): CodeIgniter\CodeIgniter->run()
 8 SYSTEMPATH\Commands\Server\rewrite.php(47): require_once('C:\\xampp3\\htdocs\\projectcdac\\public\\index.php')
CRITICAL - 2024-02-08 06:59:15 --> Undefined variable $db
in APPPATH\Controllers\Home.php on line 151.
 1 APPPATH\Controllers\Home.php(151): CodeIgniter\Debug\Exceptions->errorHandler(2, 'Undefined variable $db', 'C:\\xampp3\\htdocs\\projectcdac\\app\\Controllers\\Home.php', 151)
 2 SYSTEMPATH\CodeIgniter.php(942): App\Controllers\Home->ticket()
 3 SYSTEMPATH\CodeIgniter.php(502): CodeIgniter\CodeIgniter->runController(Object(App\Controllers\Home))
 4 SYSTEMPATH\CodeIgniter.php(361): CodeIgniter\CodeIgniter->handleRequest(null, Object(Config\Cache), false)
 5 FCPATH\index.php(79): CodeIgniter\CodeIgniter->run()
 6 SYSTEMPATH\Commands\Server\rewrite.php(47): require_once('C:\\xampp3\\htdocs\\projectcdac\\public\\index.php')
CRITICAL - 2024-02-08 06:59:40 --> Undefined global variable $_SESSION
in APPPATH\Controllers\Home.php on line 152.
 1 APPPATH\Controllers\Home.php(152): CodeIgniter\Debug\Exceptions->errorHandler(2, 'Undefined global variable $_SESSION', 'C:\\xampp3\\htdocs\\projectcdac\\app\\Controllers\\Home.php', 152)
 2 SYSTEMPATH\CodeIgniter.php(942): App\Controllers\Home->ticket()
 3 SYSTEMPATH\CodeIgniter.php(502): CodeIgniter\CodeIgniter->runController(Object(App\Controllers\Home))
 4 SYSTEMPATH\CodeIgniter.php(361): CodeIgniter\CodeIgniter->handleRequest(null, Object(Config\Cache), false)
 5 FCPATH\index.php(79): CodeIgniter\CodeIgniter->run()
 6 SYSTEMPATH\Commands\Server\rewrite.php(47): require_once('C:\\xampp3\\htdocs\\projectcdac\\public\\index.php')
CRITICAL - 2024-02-08 06:59:52 --> Undefined variable $record_ticket
in APPPATH\Views\ticket.php on line 3.
 1 APPPATH\Views\ticket.php(3): CodeIgniter\Debug\Exceptions->errorHandler(2, 'Undefined variable $record_ticket', 'C:\\xampp3\\htdocs\\projectcdac\\app\\Views\\ticket.php', 3)
 2 SYSTEMPATH\View\View.php(228): include('C:\\xampp3\\htdocs\\projectcdac\\app\\Views\\ticket.php')
 3 SYSTEMPATH\View\View.php(231): CodeIgniter\View\View->CodeIgniter\View\{closure}()
 4 SYSTEMPATH\Common.php(1190): CodeIgniter\View\View->render('ticket', [], true)
 5 APPPATH\Controllers\Home.php(156): view('ticket')
 6 SYSTEMPATH\CodeIgniter.php(942): App\Controllers\Home->ticket()
 7 SYSTEMPATH\CodeIgniter.php(502): CodeIgniter\CodeIgniter->runController(Object(App\Controllers\Home))
 8 SYSTEMPATH\CodeIgniter.php(361): CodeIgniter\CodeIgniter->handleRequest(null, Object(Config\Cache), false)
 9 FCPATH\index.php(79): CodeIgniter\CodeIgniter->run()
10 SYSTEMPATH\Commands\Server\rewrite.php(47): require_once('C:\\xampp3\\htdocs\\projectcdac\\public\\index.php')
CRITICAL - 2024-02-08 07:17:41 --> Cannot use object of type stdClass as array
in APPPATH\Views\ticket.php on line 183.
 1 SYSTEMPATH\View\View.php(228): include()
 2 SYSTEMPATH\View\View.php(231): CodeIgniter\View\View->CodeIgniter\View\{closure}()
 3 SYSTEMPATH\Common.php(1190): CodeIgniter\View\View->render('ticket', [], true)
 4 APPPATH\Controllers\Home.php(156): view('ticket', [...])
 5 SYSTEMPATH\CodeIgniter.php(942): App\Controllers\Home->ticket()
 6 SYSTEMPATH\CodeIgniter.php(502): CodeIgniter\CodeIgniter->runController(Object(App\Controllers\Home))
 7 SYSTEMPATH\CodeIgniter.php(361): CodeIgniter\CodeIgniter->handleRequest(null, Object(Config\Cache), false)
 8 FCPATH\index.php(79): CodeIgniter\CodeIgniter->run()
 9 SYSTEMPATH\Commands\Server\rewrite.php(47): require_once('C:\\xampp3\\htdocs\\projectcdac\\public\\index.php')
CRITICAL - 2024-02-08 09:29:06 --> Undefined array key "pass_name"
in APPPATH\Models\Book.php on line 24.
 1 APPPATH\Models\Book.php(24): CodeIgniter\Debug\Exceptions->errorHandler(2, 'Undefined array key "pass_name"', 'C:\\xampp3\\htdocs\\projectcdac\\app\\Models\\Book.php', 24)
 2 APPPATH\Controllers\Home.php(137): App\Models\Book->booking([...])
 3 SYSTEMPATH\CodeIgniter.php(942): App\Controllers\Home->booktrain()
 4 SYSTEMPATH\CodeIgniter.php(502): CodeIgniter\CodeIgniter->runController(Object(App\Controllers\Home))
 5 SYSTEMPATH\CodeIgniter.php(361): CodeIgniter\CodeIgniter->handleRequest(null, Object(Config\Cache), false)
 6 FCPATH\index.php(79): CodeIgniter\CodeIgniter->run()
 7 SYSTEMPATH\Commands\Server\rewrite.php(47): require_once('C:\\xampp3\\htdocs\\projectcdac\\public\\index.php')
CRITICAL - 2024-02-08 09:40:55 --> Undefined property: CodeIgniter\Database\MySQLi\Result::$i
in APPPATH\Views\dashboard.php on line 216.
 1 APPPATH\Views\dashboard.php(216): CodeIgniter\Debug\Exceptions->errorHandler(2, 'Undefined property: CodeIgniter\\Database\\MySQLi\\Result::$i', 'C:\\xampp3\\htdocs\\projectcdac\\app\\Views\\dashboard.php', 216)
 2 SYSTEMPATH\View\View.php(228): include('C:\\xampp3\\htdocs\\projectcdac\\app\\Views\\dashboard.php')
 3 SYSTEMPATH\View\View.php(231): CodeIgniter\View\View->CodeIgniter\View\{closure}()
 4 SYSTEMPATH\Common.php(1190): CodeIgniter\View\View->render('dashboard', [], true)
 5 APPPATH\Controllers\Home.php(60): view('dashboard', [...])
 6 SYSTEMPATH\CodeIgniter.php(942): App\Controllers\Home->dashboard()
 7 SYSTEMPATH\CodeIgniter.php(502): CodeIgniter\CodeIgniter->runController(Object(App\Controllers\Home))
 8 SYSTEMPATH\CodeIgniter.php(361): CodeIgniter\CodeIgniter->handleRequest(null, Object(Config\Cache), false)
 9 FCPATH\index.php(79): CodeIgniter\CodeIgniter->run()
10 SYSTEMPATH\Commands\Server\rewrite.php(47): require_once('C:\\xampp3\\htdocs\\projectcdac\\public\\index.php')
CRITICAL - 2024-02-08 09:41:07 --> Object of class CodeIgniter\Database\MySQLi\Result could not be converted to string
in APPPATH\Views\dashboard.php on line 216.
 1 SYSTEMPATH\View\View.php(228): include()
 2 SYSTEMPATH\View\View.php(231): CodeIgniter\View\View->CodeIgniter\View\{closure}()
 3 SYSTEMPATH\Common.php(1190): CodeIgniter\View\View->render('dashboard', [], true)
 4 APPPATH\Controllers\Home.php(60): view('dashboard', [...])
 5 SYSTEMPATH\CodeIgniter.php(942): App\Controllers\Home->dashboard()
 6 SYSTEMPATH\CodeIgniter.php(502): CodeIgniter\CodeIgniter->runController(Object(App\Controllers\Home))
 7 SYSTEMPATH\CodeIgniter.php(361): CodeIgniter\CodeIgniter->handleRequest(null, Object(Config\Cache), false)
 8 FCPATH\index.php(79): CodeIgniter\CodeIgniter->run()
 9 SYSTEMPATH\Commands\Server\rewrite.php(47): require_once('C:\\xampp3\\htdocs\\projectcdac\\public\\index.php')
CRITICAL - 2024-02-08 09:42:51 --> Undefined property: CodeIgniter\Database\MySQLi\Result::$id
in APPPATH\Views\dashboard.php on line 216.
 1 APPPATH\Views\dashboard.php(216): CodeIgniter\Debug\Exceptions->errorHandler(2, 'Undefined property: CodeIgniter\\Database\\MySQLi\\Result::$id', 'C:\\xampp3\\htdocs\\projectcdac\\app\\Views\\dashboard.php', 216)
 2 SYSTEMPATH\View\View.php(228): include('C:\\xampp3\\htdocs\\projectcdac\\app\\Views\\dashboard.php')
 3 SYSTEMPATH\View\View.php(231): CodeIgniter\View\View->CodeIgniter\View\{closure}()
 4 SYSTEMPATH\Common.php(1190): CodeIgniter\View\View->render('dashboard', [], true)
 5 APPPATH\Controllers\Home.php(60): view('dashboard', [...])
 6 SYSTEMPATH\CodeIgniter.php(942): App\Controllers\Home->dashboard()
 7 SYSTEMPATH\CodeIgniter.php(502): CodeIgniter\CodeIgniter->runController(Object(App\Controllers\Home))
 8 SYSTEMPATH\CodeIgniter.php(361): CodeIgniter\CodeIgniter->handleRequest(null, Object(Config\Cache), false)
 9 FCPATH\index.php(79): CodeIgniter\CodeIgniter->run()
10 SYSTEMPATH\Commands\Server\rewrite.php(47): require_once('C:\\xampp3\\htdocs\\projectcdac\\public\\index.php')
CRITICAL - 2024-02-08 09:45:21 --> Cannot use object of type CodeIgniter\Database\MySQLi\Result as array
in APPPATH\Views\dashboard.php on line 216.
 1 SYSTEMPATH\View\View.php(228): include()
 2 SYSTEMPATH\View\View.php(231): CodeIgniter\View\View->CodeIgniter\View\{closure}()
 3 SYSTEMPATH\Common.php(1190): CodeIgniter\View\View->render('dashboard', [], true)
 4 APPPATH\Controllers\Home.php(60): view('dashboard', [...])
 5 SYSTEMPATH\CodeIgniter.php(942): App\Controllers\Home->dashboard()
 6 SYSTEMPATH\CodeIgniter.php(502): CodeIgniter\CodeIgniter->runController(Object(App\Controllers\Home))
 7 SYSTEMPATH\CodeIgniter.php(361): CodeIgniter\CodeIgniter->handleRequest(null, Object(Config\Cache), false)
 8 FCPATH\index.php(79): CodeIgniter\CodeIgniter->run()
 9 SYSTEMPATH\Commands\Server\rewrite.php(47): require_once('C:\\xampp3\\htdocs\\projectcdac\\public\\index.php')
CRITICAL - 2024-02-08 09:47:26 --> mysqli_result::fetch_object(): Argument #1 ($class) must be a valid class name, 2 given
in SYSTEMPATH\Database\MySQLi\Result.php on line 154.
 1 SYSTEMPATH\Database\MySQLi\Result.php(154): mysqli_result->fetch_object('2')
 2 SYSTEMPATH\Database\BaseResult.php(159): CodeIgniter\Database\MySQLi\Result->fetchObject('2')
 3 SYSTEMPATH\Database\BaseResult.php(114): CodeIgniter\Database\BaseResult->getCustomResultObject('2')
 4 APPPATH\Views\dashboard.php(5): CodeIgniter\Database\BaseResult->getResult('2')
 5 SYSTEMPATH\View\View.php(228): include('C:\\xampp3\\htdocs\\projectcdac\\app\\Views\\dashboard.php')
 6 SYSTEMPATH\View\View.php(231): CodeIgniter\View\View->CodeIgniter\View\{closure}()
 7 SYSTEMPATH\Common.php(1190): CodeIgniter\View\View->render('dashboard', [], true)
 8 APPPATH\Controllers\Home.php(60): view('dashboard', [...])
 9 SYSTEMPATH\CodeIgniter.php(942): App\Controllers\Home->dashboard()
10 SYSTEMPATH\CodeIgniter.php(502): CodeIgniter\CodeIgniter->runController(Object(App\Controllers\Home))
11 SYSTEMPATH\CodeIgniter.php(361): CodeIgniter\CodeIgniter->handleRequest(null, Object(Config\Cache), false)
12 FCPATH\index.php(79): CodeIgniter\CodeIgniter->run()
13 SYSTEMPATH\Commands\Server\rewrite.php(47): require_once('C:\\xampp3\\htdocs\\projectcdac\\public\\index.php')
CRITICAL - 2024-02-08 09:47:48 --> syntax error, unexpected token ";", expecting ")"
in APPPATH\Views\dashboard.php on line 5.
 1 SYSTEMPATH\View\View.php(231): CodeIgniter\View\View->CodeIgniter\View\{closure}()
 2 SYSTEMPATH\Common.php(1190): CodeIgniter\View\View->render('dashboard', [], true)
 3 APPPATH\Controllers\Home.php(60): view('dashboard', [...])
 4 SYSTEMPATH\CodeIgniter.php(942): App\Controllers\Home->dashboard()
 5 SYSTEMPATH\CodeIgniter.php(502): CodeIgniter\CodeIgniter->runController(Object(App\Controllers\Home))
 6 SYSTEMPATH\CodeIgniter.php(361): CodeIgniter\CodeIgniter->handleRequest(null, Object(Config\Cache), false)
 7 FCPATH\index.php(79): CodeIgniter\CodeIgniter->run()
 8 SYSTEMPATH\Commands\Server\rewrite.php(47): require_once('C:\\xampp3\\htdocs\\projectcdac\\public\\index.php')
CRITICAL - 2024-02-08 09:47:58 --> Call to a member function where() on array
in APPPATH\Views\dashboard.php on line 5.
 1 SYSTEMPATH\View\View.php(228): include()
 2 SYSTEMPATH\View\View.php(231): CodeIgniter\View\View->CodeIgniter\View\{closure}()
 3 SYSTEMPATH\Common.php(1190): CodeIgniter\View\View->render('dashboard', [], true)
 4 APPPATH\Controllers\Home.php(60): view('dashboard', [...])
 5 SYSTEMPATH\CodeIgniter.php(942): App\Controllers\Home->dashboard()
 6 SYSTEMPATH\CodeIgniter.php(502): CodeIgniter\CodeIgniter->runController(Object(App\Controllers\Home))
 7 SYSTEMPATH\CodeIgniter.php(361): CodeIgniter\CodeIgniter->handleRequest(null, Object(Config\Cache), false)
 8 FCPATH\index.php(79): CodeIgniter\CodeIgniter->run()
 9 SYSTEMPATH\Commands\Server\rewrite.php(47): require_once('C:\\xampp3\\htdocs\\projectcdac\\public\\index.php')
CRITICAL - 2024-02-08 09:48:36 --> Call to a member function where() on array
in APPPATH\Views\dashboard.php on line 5.
 1 SYSTEMPATH\View\View.php(228): include()
 2 SYSTEMPATH\View\View.php(231): CodeIgniter\View\View->CodeIgniter\View\{closure}()
 3 SYSTEMPATH\Common.php(1190): CodeIgniter\View\View->render('dashboard', [], true)
 4 APPPATH\Controllers\Home.php(60): view('dashboard', [...])
 5 SYSTEMPATH\CodeIgniter.php(942): App\Controllers\Home->dashboard()
 6 SYSTEMPATH\CodeIgniter.php(502): CodeIgniter\CodeIgniter->runController(Object(App\Controllers\Home))
 7 SYSTEMPATH\CodeIgniter.php(361): CodeIgniter\CodeIgniter->handleRequest(null, Object(Config\Cache), false)
 8 FCPATH\index.php(79): CodeIgniter\CodeIgniter->run()
 9 SYSTEMPATH\Commands\Server\rewrite.php(47): require_once('C:\\xampp3\\htdocs\\projectcdac\\public\\index.php')
CRITICAL - 2024-02-08 09:52:26 --> Call to undefined function GetRowsById()
in APPPATH\Views\dashboard.php on line 5.
 1 SYSTEMPATH\View\View.php(228): include()
 2 SYSTEMPATH\View\View.php(231): CodeIgniter\View\View->CodeIgniter\View\{closure}()
 3 SYSTEMPATH\Common.php(1190): CodeIgniter\View\View->render('dashboard', [], true)
 4 APPPATH\Controllers\Home.php(60): view('dashboard', [...])
 5 SYSTEMPATH\CodeIgniter.php(942): App\Controllers\Home->dashboard()
 6 SYSTEMPATH\CodeIgniter.php(502): CodeIgniter\CodeIgniter->runController(Object(App\Controllers\Home))
 7 SYSTEMPATH\CodeIgniter.php(361): CodeIgniter\CodeIgniter->handleRequest(null, Object(Config\Cache), false)
 8 FCPATH\index.php(79): CodeIgniter\CodeIgniter->run()
 9 SYSTEMPATH\Commands\Server\rewrite.php(47): require_once('C:\\xampp3\\htdocs\\projectcdac\\public\\index.php')
CRITICAL - 2024-02-08 09:59:55 --> Object of class stdClass could not be converted to string
in APPPATH\Views\dashboard.php on line 208.
 1 SYSTEMPATH\View\View.php(228): include()
 2 SYSTEMPATH\View\View.php(231): CodeIgniter\View\View->CodeIgniter\View\{closure}()
 3 SYSTEMPATH\Common.php(1190): CodeIgniter\View\View->render('dashboard', [], true)
 4 APPPATH\Controllers\Home.php(60): view('dashboard', [...])
 5 SYSTEMPATH\CodeIgniter.php(942): App\Controllers\Home->dashboard()
 6 SYSTEMPATH\CodeIgniter.php(502): CodeIgniter\CodeIgniter->runController(Object(App\Controllers\Home))
 7 SYSTEMPATH\CodeIgniter.php(361): CodeIgniter\CodeIgniter->handleRequest(null, Object(Config\Cache), false)
 8 FCPATH\index.php(79): CodeIgniter\CodeIgniter->run()
 9 SYSTEMPATH\Commands\Server\rewrite.php(47): require_once('C:\\xampp3\\htdocs\\projectcdac\\public\\index.php')
CRITICAL - 2024-02-08 10:01:27 --> Undefined array key 7
in APPPATH\Views\dashboard.php on line 208.
 1 APPPATH\Views\dashboard.php(208): CodeIgniter\Debug\Exceptions->errorHandler(2, 'Undefined array key 7', 'C:\\xampp3\\htdocs\\projectcdac\\app\\Views\\dashboard.php', 208)
 2 SYSTEMPATH\View\View.php(228): include('C:\\xampp3\\htdocs\\projectcdac\\app\\Views\\dashboard.php')
 3 SYSTEMPATH\View\View.php(231): CodeIgniter\View\View->CodeIgniter\View\{closure}()
 4 SYSTEMPATH\Common.php(1190): CodeIgniter\View\View->render('dashboard', [], true)
 5 APPPATH\Controllers\Home.php(60): view('dashboard', [...])
 6 SYSTEMPATH\CodeIgniter.php(942): App\Controllers\Home->dashboard()
 7 SYSTEMPATH\CodeIgniter.php(502): CodeIgniter\CodeIgniter->runController(Object(App\Controllers\Home))
 8 SYSTEMPATH\CodeIgniter.php(361): CodeIgniter\CodeIgniter->handleRequest(null, Object(Config\Cache), false)
 9 FCPATH\index.php(79): CodeIgniter\CodeIgniter->run()
10 SYSTEMPATH\Commands\Server\rewrite.php(47): require_once('C:\\xampp3\\htdocs\\projectcdac\\public\\index.php')
CRITICAL - 2024-02-08 10:01:50 --> Undefined array key 7
in APPPATH\Views\dashboard.php on line 208.
 1 APPPATH\Views\dashboard.php(208): CodeIgniter\Debug\Exceptions->errorHandler(2, 'Undefined array key 7', 'C:\\xampp3\\htdocs\\projectcdac\\app\\Views\\dashboard.php', 208)
 2 SYSTEMPATH\View\View.php(228): include('C:\\xampp3\\htdocs\\projectcdac\\app\\Views\\dashboard.php')
 3 SYSTEMPATH\View\View.php(231): CodeIgniter\View\View->CodeIgniter\View\{closure}()
 4 SYSTEMPATH\Common.php(1190): CodeIgniter\View\View->render('dashboard', [], true)
 5 APPPATH\Controllers\Home.php(60): view('dashboard', [...])
 6 SYSTEMPATH\CodeIgniter.php(942): App\Controllers\Home->dashboard()
 7 SYSTEMPATH\CodeIgniter.php(502): CodeIgniter\CodeIgniter->runController(Object(App\Controllers\Home))
 8 SYSTEMPATH\CodeIgniter.php(361): CodeIgniter\CodeIgniter->handleRequest(null, Object(Config\Cache), false)
 9 FCPATH\index.php(79): CodeIgniter\CodeIgniter->run()
10 SYSTEMPATH\Commands\Server\rewrite.php(47): require_once('C:\\xampp3\\htdocs\\projectcdac\\public\\index.php')
CRITICAL - 2024-02-08 10:02:43 --> Undefined array key 7
in APPPATH\Views\dashboard.php on line 208.
 1 APPPATH\Views\dashboard.php(208): CodeIgniter\Debug\Exceptions->errorHandler(2, 'Undefined array key 7', 'C:\\xampp3\\htdocs\\projectcdac\\app\\Views\\dashboard.php', 208)
 2 SYSTEMPATH\View\View.php(228): include('C:\\xampp3\\htdocs\\projectcdac\\app\\Views\\dashboard.php')
 3 SYSTEMPATH\View\View.php(231): CodeIgniter\View\View->CodeIgniter\View\{closure}()
 4 SYSTEMPATH\Common.php(1190): CodeIgniter\View\View->render('dashboard', [], true)
 5 APPPATH\Controllers\Home.php(60): view('dashboard', [...])
 6 SYSTEMPATH\CodeIgniter.php(942): App\Controllers\Home->dashboard()
 7 SYSTEMPATH\CodeIgniter.php(502): CodeIgniter\CodeIgniter->runController(Object(App\Controllers\Home))
 8 SYSTEMPATH\CodeIgniter.php(361): CodeIgniter\CodeIgniter->handleRequest(null, Object(Config\Cache), false)
 9 FCPATH\index.php(79): CodeIgniter\CodeIgniter->run()
10 SYSTEMPATH\Commands\Server\rewrite.php(47): require_once('C:\\xampp3\\htdocs\\projectcdac\\public\\index.php')
CRITICAL - 2024-02-08 10:05:27 --> Undefined array key 8
in APPPATH\Views\dashboard.php on line 224.
 1 APPPATH\Views\dashboard.php(224): CodeIgniter\Debug\Exceptions->errorHandler(2, 'Undefined array key 8', 'C:\\xampp3\\htdocs\\projectcdac\\app\\Views\\dashboard.php', 224)
 2 SYSTEMPATH\View\View.php(228): include('C:\\xampp3\\htdocs\\projectcdac\\app\\Views\\dashboard.php')
 3 SYSTEMPATH\View\View.php(231): CodeIgniter\View\View->CodeIgniter\View\{closure}()
 4 SYSTEMPATH\Common.php(1190): CodeIgniter\View\View->render('dashboard', [], true)
 5 APPPATH\Controllers\Home.php(60): view('dashboard', [...])
 6 SYSTEMPATH\CodeIgniter.php(942): App\Controllers\Home->dashboard()
 7 SYSTEMPATH\CodeIgniter.php(502): CodeIgniter\CodeIgniter->runController(Object(App\Controllers\Home))
 8 SYSTEMPATH\CodeIgniter.php(361): CodeIgniter\CodeIgniter->handleRequest(null, Object(Config\Cache), false)
 9 FCPATH\index.php(79): CodeIgniter\CodeIgniter->run()
10 SYSTEMPATH\Commands\Server\rewrite.php(47): require_once('C:\\xampp3\\htdocs\\projectcdac\\public\\index.php')
CRITICAL - 2024-02-08 10:05:35 --> Undefined array key 8
in APPPATH\Views\dashboard.php on line 223.
 1 APPPATH\Views\dashboard.php(223): CodeIgniter\Debug\Exceptions->errorHandler(2, 'Undefined array key 8', 'C:\\xampp3\\htdocs\\projectcdac\\app\\Views\\dashboard.php', 223)
 2 SYSTEMPATH\View\View.php(228): include('C:\\xampp3\\htdocs\\projectcdac\\app\\Views\\dashboard.php')
 3 SYSTEMPATH\View\View.php(231): CodeIgniter\View\View->CodeIgniter\View\{closure}()
 4 SYSTEMPATH\Common.php(1190): CodeIgniter\View\View->render('dashboard', [], true)
 5 APPPATH\Controllers\Home.php(60): view('dashboard', [...])
 6 SYSTEMPATH\CodeIgniter.php(942): App\Controllers\Home->dashboard()
 7 SYSTEMPATH\CodeIgniter.php(502): CodeIgniter\CodeIgniter->runController(Object(App\Controllers\Home))
 8 SYSTEMPATH\CodeIgniter.php(361): CodeIgniter\CodeIgniter->handleRequest(null, Object(Config\Cache), false)
 9 FCPATH\index.php(79): CodeIgniter\CodeIgniter->run()
10 SYSTEMPATH\Commands\Server\rewrite.php(47): require_once('C:\\xampp3\\htdocs\\projectcdac\\public\\index.php')
CRITICAL - 2024-02-08 10:06:12 --> Undefined array key 8
in APPPATH\Views\dashboard.php on line 223.
 1 APPPATH\Views\dashboard.php(223): CodeIgniter\Debug\Exceptions->errorHandler(2, 'Undefined array key 8', 'C:\\xampp3\\htdocs\\projectcdac\\app\\Views\\dashboard.php', 223)
 2 SYSTEMPATH\View\View.php(228): include('C:\\xampp3\\htdocs\\projectcdac\\app\\Views\\dashboard.php')
 3 SYSTEMPATH\View\View.php(231): CodeIgniter\View\View->CodeIgniter\View\{closure}()
 4 SYSTEMPATH\Common.php(1190): CodeIgniter\View\View->render('dashboard', [], true)
 5 APPPATH\Controllers\Home.php(60): view('dashboard', [...])
 6 SYSTEMPATH\CodeIgniter.php(942): App\Controllers\Home->dashboard()
 7 SYSTEMPATH\CodeIgniter.php(502): CodeIgniter\CodeIgniter->runController(Object(App\Controllers\Home))
 8 SYSTEMPATH\CodeIgniter.php(361): CodeIgniter\CodeIgniter->handleRequest(null, Object(Config\Cache), false)
 9 FCPATH\index.php(79): CodeIgniter\CodeIgniter->run()
10 SYSTEMPATH\Commands\Server\rewrite.php(47): require_once('C:\\xampp3\\htdocs\\projectcdac\\public\\index.php')
CRITICAL - 2024-02-08 10:07:54 --> Undefined variable $db
in APPPATH\Controllers\Home.php on line 131.
 1 APPPATH\Controllers\Home.php(131): CodeIgniter\Debug\Exceptions->errorHandler(2, 'Undefined variable $db', 'C:\\xampp3\\htdocs\\projectcdac\\app\\Controllers\\Home.php', 131)
 2 SYSTEMPATH\CodeIgniter.php(942): App\Controllers\Home->booktrain()
 3 SYSTEMPATH\CodeIgniter.php(502): CodeIgniter\CodeIgniter->runController(Object(App\Controllers\Home))
 4 SYSTEMPATH\CodeIgniter.php(361): CodeIgniter\CodeIgniter->handleRequest(null, Object(Config\Cache), false)
 5 FCPATH\index.php(79): CodeIgniter\CodeIgniter->run()
 6 SYSTEMPATH\Commands\Server\rewrite.php(47): require_once('C:\\xampp3\\htdocs\\projectcdac\\public\\index.php')
CRITICAL - 2024-02-08 10:12:04 --> Undefined array key "pass_name"
in APPPATH\Models\Book.php on line 24.
 1 APPPATH\Models\Book.php(24): CodeIgniter\Debug\Exceptions->errorHandler(2, 'Undefined array key "pass_name"', 'C:\\xampp3\\htdocs\\projectcdac\\app\\Models\\Book.php', 24)
 2 APPPATH\Controllers\Home.php(146): App\Models\Book->booking([...])
 3 SYSTEMPATH\CodeIgniter.php(942): App\Controllers\Home->booktrain()
 4 SYSTEMPATH\CodeIgniter.php(502): CodeIgniter\CodeIgniter->runController(Object(App\Controllers\Home))
 5 SYSTEMPATH\CodeIgniter.php(361): CodeIgniter\CodeIgniter->handleRequest(null, Object(Config\Cache), false)
 6 FCPATH\index.php(79): CodeIgniter\CodeIgniter->run()
 7 SYSTEMPATH\Commands\Server\rewrite.php(47): require_once('C:\\xampp3\\htdocs\\projectcdac\\public\\index.php')
CRITICAL - 2024-02-08 10:13:38 --> Undefined variable $d
in APPPATH\Views\booktrain.php on line 164.
 1 APPPATH\Views\booktrain.php(164): CodeIgniter\Debug\Exceptions->errorHandler(2, 'Undefined variable $d', 'C:\\xampp3\\htdocs\\projectcdac\\app\\Views\\booktrain.php', 164)
 2 SYSTEMPATH\View\View.php(228): include('C:\\xampp3\\htdocs\\projectcdac\\app\\Views\\booktrain.php')
 3 SYSTEMPATH\View\View.php(231): CodeIgniter\View\View->CodeIgniter\View\{closure}()
 4 SYSTEMPATH\Common.php(1190): CodeIgniter\View\View->render('booktrain', [], true)
 5 APPPATH\Controllers\Home.php(139): view('booktrain', [...])
 6 SYSTEMPATH\CodeIgniter.php(942): App\Controllers\Home->booktrain()
 7 SYSTEMPATH\CodeIgniter.php(502): CodeIgniter\CodeIgniter->runController(Object(App\Controllers\Home))
 8 SYSTEMPATH\CodeIgniter.php(361): CodeIgniter\CodeIgniter->handleRequest(null, Object(Config\Cache), false)
 9 FCPATH\index.php(79): CodeIgniter\CodeIgniter->run()
10 SYSTEMPATH\Commands\Server\rewrite.php(47): require_once('C:\\xampp3\\htdocs\\projectcdac\\public\\index.php')
CRITICAL - 2024-02-08 13:39:08 --> Undefined variable $session
in APPPATH\Controllers\Home.php on line 112.
 1 APPPATH\Controllers\Home.php(112): CodeIgniter\Debug\Exceptions->errorHandler(2, 'Undefined variable $session', 'C:\\xampp3\\htdocs\\projectcdac\\app\\Controllers\\Home.php', 112)
 2 SYSTEMPATH\CodeIgniter.php(942): App\Controllers\Home->registration()
 3 SYSTEMPATH\CodeIgniter.php(502): CodeIgniter\CodeIgniter->runController(Object(App\Controllers\Home))
 4 SYSTEMPATH\CodeIgniter.php(361): CodeIgniter\CodeIgniter->handleRequest(null, Object(Config\Cache), false)
 5 FCPATH\index.php(79): CodeIgniter\CodeIgniter->run()
 6 SYSTEMPATH\Commands\Server\rewrite.php(47): require_once('C:\\xampp3\\htdocs\\projectcdac\\public\\index.php')
